#
# There is insufficient memory for the Java Runtime Environment to continue.
# Native memory allocation (malloc) failed to allocate 1869456 bytes for Chunk::new
# Possible reasons:
#   The system is out of physical RAM or swap space
#   The process is running with CompressedOops enabled, and the Java Heap may be blocking the growth of the native heap
# Possible solutions:
#   Reduce memory load on the system
#   Increase physical memory or swap space
#   Check if swap backing store is full
#   Decrease Java heap size (-Xmx/-Xms)
#   Decrease number of Java threads
#   Decrease Java thread stack sizes (-Xss)
#   Set larger code cache with -XX:ReservedCodeCacheSize=
#   JVM is running with Unscaled Compressed Oops mode in which the Java heap is
#     placed in the first 4GB address space. The Java Heap base address is the
#     maximum limit for the native heap growth. Please use -XX:HeapBaseMinAddress
#     to set the Java Heap base and to place the Java Heap above 4GB virtual address.
# This output file may be truncated or incomplete.
#
#  Out of Memory Error (./src/hotspot/share/memory/arena.cpp:197), pid=17224, tid=9676
#
# JRE version: OpenJDK Runtime Environment (11.0.12+7) (build 11.0.12+7-b1504.28-7817840)
# Java VM: OpenJDK 64-Bit Server VM (11.0.12+7-b1504.28-7817840, mixed mode, tiered, compressed oops, g1 gc, windows-amd64)
# No core dump will be written. Minidumps are not enabled by default on client versions of Windows
#

---------------  S U M M A R Y ------------

Command Line: --add-opens=java.base/java.util=ALL-UNNAMED --add-opens=java.base/java.lang=ALL-UNNAMED --add-opens=java.base/java.lang.invoke=ALL-UNNAMED --add-opens=java.base/java.util=ALL-UNNAMED --add-opens=java.prefs/java.util.prefs=ALL-UNNAMED --add-opens=java.prefs/java.util.prefs=ALL-UNNAMED --add-opens=java.base/java.nio.charset=ALL-UNNAMED --add-opens=java.base/java.net=ALL-UNNAMED --add-opens=java.base/java.util.concurrent.atomic=ALL-UNNAMED -Xmx2048m -Dfile.encoding=UTF-8 -Duser.country=RU -Duser.language=ru -Duser.variant org.gradle.launcher.daemon.bootstrap.GradleDaemon 7.3.3

Host: AMD Ryzen 5 3500U with Radeon Vega Mobile Gfx  , 8 cores, 5G,  Windows 10 , 64 bit Build 19041 (10.0.19041.1806)
Time: Fri Aug 19 11:10:36 2022 Восточная Европа (лето) elapsed time: 28.848465 seconds (0d 0h 0m 28s)

---------------  T H R E A D  ---------------

Current thread (0x000002c377adf000):  JavaThread "C2 CompilerThread0" daemon [_thread_in_native, id=9676, stack(0x000000d1d4200000,0x000000d1d4300000)]


Current CompileTask:
C2:  28848 7732       4       java.lang.invoke.MemberName::getMethodOrFieldType (72 bytes)

Stack: [0x000000d1d4200000,0x000000d1d4300000]
Native frames: (J=compiled Java code, j=interpreted, Vv=VM code, C=native code)
V  [jvm.dll+0x5fbcea]
V  [jvm.dll+0x731905]
V  [jvm.dll+0x732f1d]
V  [jvm.dll+0x7335d3]
V  [jvm.dll+0x247bf8]
V  [jvm.dll+0xc018c]
V  [jvm.dll+0xc06cc]
V  [jvm.dll+0x35b2db]
V  [jvm.dll+0x328803]
V  [jvm.dll+0x327cfa]
V  [jvm.dll+0x200602]
V  [jvm.dll+0x1ff794]
V  [jvm.dll+0x18868c]
V  [jvm.dll+0x20e0d7]
V  [jvm.dll+0x20c901]
V  [jvm.dll+0x6f9b7f]
V  [jvm.dll+0x6f26a5]
V  [jvm.dll+0x5fabf6]
C  [ucrtbase.dll+0x21bb2]
C  [KERNEL32.DLL+0x17034]
C  [ntdll.dll+0x52651]


---------------  P R O C E S S  ---------------

Threads class SMR info:
_java_thread_list=0x000002c379212620, length=123, elements={
0x000002c35ce8b800, 0x000002c377ab2800, 0x000002c377abe800, 0x000002c377ad4800,
0x000002c377ad6000, 0x000002c377ad9800, 0x000002c377adf000, 0x000002c377aea000,
0x000002c377af4000, 0x000002c3785b8000, 0x000002c379dc2000, 0x000002c37bc57800,
0x000002c37941a800, 0x000002c37b3c0800, 0x000002c37b565800, 0x000002c37a7f7800,
0x000002c379b12800, 0x000002c37a6e6800, 0x000002c37ac67800, 0x000002c37846e000,
0x000002c37846e800, 0x000002c37846f800, 0x000002c37846c800, 0x000002c378472000,
0x000002c378471000, 0x000002c378470800, 0x000002c378473000, 0x000002c37846d000,
0x000002c37acd3800, 0x000002c37acd4800, 0x000002c37acd5800, 0x000002c37accf800,
0x000002c37acd2000, 0x000002c37acd1800, 0x000002c37acd3000, 0x000002c37acd6000,
0x000002c37acd0800, 0x000002c37acda800, 0x000002c37acd8800, 0x000002c37acdc000,
0x000002c37acd7000, 0x000002c37acdd800, 0x000002c37acd8000, 0x000002c37acde800,
0x000002c37980d000, 0x000002c37980d800, 0x000002c379812000, 0x000002c37980f800,
0x000002c379810000, 0x000002c379811000, 0x000002c37980e800, 0x000002c37980c000,
0x000002c379818800, 0x000002c379815000, 0x000002c379812800, 0x000002c379819000,
0x000002c379813800, 0x000002c379816800, 0x000002c379817800, 0x000002c37981a000,
0x000002c379816000, 0x000002c379814000, 0x000002c37981b000, 0x000002c37c11b000,
0x000002c37c11a000, 0x000002c37c120800, 0x000002c37c11e000, 0x000002c37c120000,
0x000002c37c11f000, 0x000002c37c121800, 0x000002c37c11b800, 0x000002c37c122000,
0x000002c37c11c800, 0x000002c37c123000, 0x000002c37c11d800, 0x000002c37c126800,
0x000002c37c128000, 0x000002c37c124800, 0x000002c37c124000, 0x000002c37c129000,
0x000002c37c125800, 0x000002c37c127000, 0x000002c37e56d000, 0x000002c37e56a000,
0x000002c37e569000, 0x000002c37e568000, 0x000002c37e56a800, 0x000002c37e56b800,
0x000002c37e56e000, 0x000002c37e56f000, 0x000002c37e56c800, 0x000002c37e819000,
0x000002c37e81b800, 0x000002c37e81c000, 0x000002c37e81e800, 0x000002c37e81f800,
0x000002c37e81a000, 0x000002c37e820800, 0x000002c37e81d000, 0x000002c37e81e000,
0x000002c37e81a800, 0x000002c37e825000, 0x000002c37e821000, 0x000002c37e827800,
0x000002c37e823800, 0x000002c37e826000, 0x000002c37e822000, 0x000002c37e822800,
0x000002c37e824800, 0x000002c37e827000, 0x000002c37c0f1800, 0x000002c37c0ec800,
0x000002c37c0ef000, 0x000002c37c0ef800, 0x000002c37c0f0800, 0x000002c37c0eb800,
0x000002c37c0f3000, 0x000002c37c0f2000, 0x000002c37c0ed800, 0x000002c37c0f4000,
0x000002c37c0ee000, 0x000002c37c0f5800, 0x000002c37c0f6800
}

Java Threads: ( => current thread )
  0x000002c35ce8b800 JavaThread "main" [_thread_blocked, id=6804, stack(0x000000d1d3600000,0x000000d1d3700000)]
  0x000002c377ab2800 JavaThread "Reference Handler" daemon [_thread_blocked, id=3304, stack(0x000000d1d3d00000,0x000000d1d3e00000)]
  0x000002c377abe800 JavaThread "Finalizer" daemon [_thread_blocked, id=32, stack(0x000000d1d3e00000,0x000000d1d3f00000)]
  0x000002c377ad4800 JavaThread "Signal Dispatcher" daemon [_thread_blocked, id=16532, stack(0x000000d1d3f00000,0x000000d1d4000000)]
  0x000002c377ad6000 JavaThread "Attach Listener" daemon [_thread_blocked, id=14276, stack(0x000000d1d4000000,0x000000d1d4100000)]
  0x000002c377ad9800 JavaThread "Service Thread" daemon [_thread_blocked, id=12784, stack(0x000000d1d4100000,0x000000d1d4200000)]
=>0x000002c377adf000 JavaThread "C2 CompilerThread0" daemon [_thread_in_native, id=9676, stack(0x000000d1d4200000,0x000000d1d4300000)]
  0x000002c377aea000 JavaThread "C1 CompilerThread0" daemon [_thread_in_native, id=8244, stack(0x000000d1d4300000,0x000000d1d4400000)]
  0x000002c377af4000 JavaThread "Sweeper thread" daemon [_thread_blocked, id=10168, stack(0x000000d1d4400000,0x000000d1d4500000)]
  0x000002c3785b8000 JavaThread "Common-Cleaner" daemon [_thread_blocked, id=18528, stack(0x000000d1d4500000,0x000000d1d4600000)]
  0x000002c379dc2000 JavaThread "Daemon health stats" [_thread_blocked, id=6696, stack(0x000000d1d4900000,0x000000d1d4a00000)]
  0x000002c37bc57800 JavaThread "Incoming local TCP Connector on port 58191" [_thread_in_native, id=17404, stack(0x000000d1d4700000,0x000000d1d4800000)]
  0x000002c37941a800 JavaThread "Daemon periodic checks" [_thread_blocked, id=2224, stack(0x000000d1d4c00000,0x000000d1d4d00000)]
  0x000002c37b3c0800 JavaThread "Daemon" [_thread_blocked, id=10304, stack(0x000000d1d4d00000,0x000000d1d4e00000)]
  0x000002c37b565800 JavaThread "Handler for socket connection from /127.0.0.1:58191 to /127.0.0.1:58192" [_thread_in_native, id=6492, stack(0x000000d1d4e00000,0x000000d1d4f00000)]
  0x000002c37a7f7800 JavaThread "Cancel handler" [_thread_blocked, id=6924, stack(0x000000d1d4f00000,0x000000d1d5000000)]
  0x000002c379b12800 JavaThread "Daemon worker" [_thread_in_Java, id=14568, stack(0x000000d1d5000000,0x000000d1d5100000)]
  0x000002c37a6e6800 JavaThread "Asynchronous log dispatcher for DefaultDaemonConnection: socket connection from /127.0.0.1:58191 to /127.0.0.1:58192" [_thread_blocked, id=13164, stack(0x000000d1d5100000,0x000000d1d5200000)]
  0x000002c37ac67800 JavaThread "Stdin handler" [_thread_blocked, id=2092, stack(0x000000d1d5200000,0x000000d1d5300000)]
  0x000002c37846e000 JavaThread "Daemon client event forwarder" [_thread_blocked, id=15128, stack(0x000000d1d5300000,0x000000d1d5400000)]
  0x000002c37846e800 JavaThread "Cache worker for journal cache (E:\.gradle\caches\journal-1)" [_thread_blocked, id=2824, stack(0x000000d1d5400000,0x000000d1d5500000)]
  0x000002c37846f800 JavaThread "File lock request listener" [_thread_in_native, id=9912, stack(0x000000d1d5500000,0x000000d1d5600000)]
  0x000002c37846c800 JavaThread "Cache worker for file hash cache (E:\.gradle\caches\7.3.3\fileHashes)" [_thread_blocked, id=6968, stack(0x000000d1d5b00000,0x000000d1d5c00000)]
  0x000002c378472000 JavaThread "File lock release action executor" [_thread_blocked, id=10300, stack(0x000000d1d5c00000,0x000000d1d5d00000)]
  0x000002c378471000 JavaThread "Cache worker for file hash cache (E:\KotlinAndroid\MilestoneEBS5\.gradle\7.3.3\fileHashes)" [_thread_blocked, id=8356, stack(0x000000d1d5d00000,0x000000d1d5e00000)]
  0x000002c378470800 JavaThread "File watcher server" daemon [_thread_in_native, id=12144, stack(0x000000d1d5e00000,0x000000d1d5f00000)]
  0x000002c378473000 JavaThread "File watcher consumer" daemon [_thread_blocked, id=15200, stack(0x000000d1d5f00000,0x000000d1d6000000)]
  0x000002c37846d000 JavaThread "jar transforms" [_thread_blocked, id=19952, stack(0x000000d1d6000000,0x000000d1d6100000)]
  0x000002c37acd3800 JavaThread "jar transforms Thread 2" [_thread_blocked, id=18324, stack(0x000000d1d6100000,0x000000d1d6200000)]
  0x000002c37acd4800 JavaThread "jar transforms Thread 3" [_thread_blocked, id=6820, stack(0x000000d1d6200000,0x000000d1d6300000)]
  0x000002c37acd5800 JavaThread "jar transforms Thread 4" [_thread_blocked, id=3372, stack(0x000000d1d6300000,0x000000d1d6400000)]
  0x000002c37accf800 JavaThread "jar transforms Thread 5" [_thread_blocked, id=9712, stack(0x000000d1d6400000,0x000000d1d6500000)]
  0x000002c37acd2000 JavaThread "jar transforms Thread 6" [_thread_blocked, id=8128, stack(0x000000d1d6500000,0x000000d1d6600000)]
  0x000002c37acd1800 JavaThread "jar transforms Thread 7" [_thread_blocked, id=9232, stack(0x000000d1d6600000,0x000000d1d6700000)]
  0x000002c37acd3000 JavaThread "jar transforms Thread 8" [_thread_blocked, id=220, stack(0x000000d1d6700000,0x000000d1d6800000)]
  0x000002c37acd6000 JavaThread "Cache worker for checksums cache (E:\KotlinAndroid\MilestoneEBS5\.gradle\7.3.3\checksums)" [_thread_blocked, id=3856, stack(0x000000d1d6800000,0x000000d1d6900000)]
  0x000002c37acd0800 JavaThread "Cache worker for cache directory md-supplier (E:\.gradle\caches\7.3.3\md-supplier)" [_thread_blocked, id=4064, stack(0x000000d1d6900000,0x000000d1d6a00000)]
  0x000002c37acda800 JavaThread "Cache worker for cache directory md-rule (E:\.gradle\caches\7.3.3\md-rule)" [_thread_blocked, id=7520, stack(0x000000d1d6a00000,0x000000d1d6b00000)]
  0x000002c37acd8800 JavaThread "Cache worker for execution history cache (E:\.gradle\caches\7.3.3\executionHistory)" [_thread_blocked, id=16596, stack(0x000000d1d6b00000,0x000000d1d6c00000)]
  0x000002c37acdc000 JavaThread "Cache worker for file content cache (E:\.gradle\caches\7.3.3\fileContent)" [_thread_blocked, id=15476, stack(0x000000d1d6c00000,0x000000d1d6d00000)]
  0x000002c37acd7000 JavaThread "Cache worker for dependencies-accessors (E:\KotlinAndroid\MilestoneEBS5\.gradle\7.3.3\dependencies-accessors)" [_thread_blocked, id=10644, stack(0x000000d1d6d00000,0x000000d1d6e00000)]
  0x000002c37acdd800 JavaThread "Cache worker for Build Output Cleanup Cache (E:\KotlinAndroid\MilestoneEBS5\.gradle\buildOutputCleanup)" [_thread_blocked, id=14424, stack(0x000000d1d6e00000,0x000000d1d6f00000)]
  0x000002c37acd8000 JavaThread "Unconstrained build operations" [_thread_blocked, id=15372, stack(0x000000d1d6f00000,0x000000d1d7000000)]
  0x000002c37acde800 JavaThread "Unconstrained build operations Thread 2" [_thread_blocked, id=13292, stack(0x000000d1d7000000,0x000000d1d7100000)]
  0x000002c37980d000 JavaThread "Unconstrained build operations Thread 3" [_thread_blocked, id=16644, stack(0x000000d1d7100000,0x000000d1d7200000)]
  0x000002c37980d800 JavaThread "Unconstrained build operations Thread 4" [_thread_blocked, id=16252, stack(0x000000d1d7200000,0x000000d1d7300000)]
  0x000002c379812000 JavaThread "Unconstrained build operations Thread 5" [_thread_blocked, id=10632, stack(0x000000d1d7300000,0x000000d1d7400000)]
  0x000002c37980f800 JavaThread "Unconstrained build operations Thread 6" [_thread_blocked, id=9780, stack(0x000000d1d7400000,0x000000d1d7500000)]
  0x000002c379810000 JavaThread "Unconstrained build operations Thread 7" [_thread_blocked, id=7276, stack(0x000000d1d7500000,0x000000d1d7600000)]
  0x000002c379811000 JavaThread "Unconstrained build operations Thread 8" [_thread_blocked, id=16360, stack(0x000000d1d7600000,0x000000d1d7700000)]
  0x000002c37980e800 JavaThread "Unconstrained build operations Thread 9" [_thread_blocked, id=19104, stack(0x000000d1d7700000,0x000000d1d7800000)]
  0x000002c37980c000 JavaThread "Unconstrained build operations Thread 10" [_thread_blocked, id=8728, stack(0x000000d1d7800000,0x000000d1d7900000)]
  0x000002c379818800 JavaThread "Unconstrained build operations Thread 11" [_thread_blocked, id=17088, stack(0x000000d1d7900000,0x000000d1d7a00000)]
  0x000002c379815000 JavaThread "Unconstrained build operations Thread 12" [_thread_blocked, id=19700, stack(0x000000d1d7a00000,0x000000d1d7b00000)]
  0x000002c379812800 JavaThread "Unconstrained build operations Thread 13" [_thread_blocked, id=19712, stack(0x000000d1d7b00000,0x000000d1d7c00000)]
  0x000002c379819000 JavaThread "Unconstrained build operations Thread 14" [_thread_blocked, id=10440, stack(0x000000d1d7c00000,0x000000d1d7d00000)]
  0x000002c379813800 JavaThread "Unconstrained build operations Thread 15" [_thread_blocked, id=476, stack(0x000000d1d7d00000,0x000000d1d7e00000)]
  0x000002c379816800 JavaThread "Unconstrained build operations Thread 16" [_thread_blocked, id=17452, stack(0x000000d1d7e00000,0x000000d1d7f00000)]
  0x000002c379817800 JavaThread "Unconstrained build operations Thread 17" [_thread_blocked, id=18804, stack(0x000000d1d7f00000,0x000000d1d8000000)]
  0x000002c37981a000 JavaThread "Unconstrained build operations Thread 18" [_thread_blocked, id=15104, stack(0x000000d1d8000000,0x000000d1d8100000)]
  0x000002c379816000 JavaThread "Unconstrained build operations Thread 19" [_thread_blocked, id=17604, stack(0x000000d1d8100000,0x000000d1d8200000)]
  0x000002c379814000 JavaThread "Unconstrained build operations Thread 20" [_thread_blocked, id=8084, stack(0x000000d1d8200000,0x000000d1d8300000)]
  0x000002c37981b000 JavaThread "Unconstrained build operations Thread 21" [_thread_blocked, id=5400, stack(0x000000d1d8300000,0x000000d1d8400000)]
  0x000002c37c11b000 JavaThread "Unconstrained build operations Thread 22" [_thread_blocked, id=15956, stack(0x000000d1d8400000,0x000000d1d8500000)]
  0x000002c37c11a000 JavaThread "Unconstrained build operations Thread 23" [_thread_blocked, id=5412, stack(0x000000d1d8500000,0x000000d1d8600000)]
  0x000002c37c120800 JavaThread "Unconstrained build operations Thread 24" [_thread_blocked, id=6952, stack(0x000000d1d8600000,0x000000d1d8700000)]
  0x000002c37c11e000 JavaThread "Unconstrained build operations Thread 25" [_thread_blocked, id=13692, stack(0x000000d1d8700000,0x000000d1d8800000)]
  0x000002c37c120000 JavaThread "Unconstrained build operations Thread 26" [_thread_blocked, id=11084, stack(0x000000d1d8800000,0x000000d1d8900000)]
  0x000002c37c11f000 JavaThread "Unconstrained build operations Thread 27" [_thread_blocked, id=11120, stack(0x000000d1d8900000,0x000000d1d8a00000)]
  0x000002c37c121800 JavaThread "Unconstrained build operations Thread 28" [_thread_blocked, id=6708, stack(0x000000d1d8a00000,0x000000d1d8b00000)]
  0x000002c37c11b800 JavaThread "Unconstrained build operations Thread 29" [_thread_blocked, id=11724, stack(0x000000d1d8b00000,0x000000d1d8c00000)]
  0x000002c37c122000 JavaThread "Unconstrained build operations Thread 30" [_thread_blocked, id=14228, stack(0x000000d1d8c00000,0x000000d1d8d00000)]
  0x000002c37c11c800 JavaThread "Unconstrained build operations Thread 31" [_thread_blocked, id=1460, stack(0x000000d1d8d00000,0x000000d1d8e00000)]
  0x000002c37c123000 JavaThread "Unconstrained build operations Thread 32" [_thread_blocked, id=20432, stack(0x000000d1d8e00000,0x000000d1d8f00000)]
  0x000002c37c11d800 JavaThread "Unconstrained build operations Thread 33" [_thread_blocked, id=13080, stack(0x000000d1d8f00000,0x000000d1d9000000)]
  0x000002c37c126800 JavaThread "Unconstrained build operations Thread 34" [_thread_blocked, id=3224, stack(0x000000d1d9000000,0x000000d1d9100000)]
  0x000002c37c128000 JavaThread "Unconstrained build operations Thread 35" [_thread_blocked, id=5848, stack(0x000000d1d9100000,0x000000d1d9200000)]
  0x000002c37c124800 JavaThread "Unconstrained build operations Thread 36" [_thread_blocked, id=10712, stack(0x000000d1d9200000,0x000000d1d9300000)]
  0x000002c37c124000 JavaThread "Unconstrained build operations Thread 37" [_thread_blocked, id=5716, stack(0x000000d1d9300000,0x000000d1d9400000)]
  0x000002c37c129000 JavaThread "Unconstrained build operations Thread 38" [_thread_blocked, id=10172, stack(0x000000d1d9400000,0x000000d1d9500000)]
  0x000002c37c125800 JavaThread "Unconstrained build operations Thread 39" [_thread_blocked, id=7144, stack(0x000000d1d9500000,0x000000d1d9600000)]
  0x000002c37c127000 JavaThread "Unconstrained build operations Thread 40" [_thread_blocked, id=14472, stack(0x000000d1d9600000,0x000000d1d9700000)]
  0x000002c37e56d000 JavaThread "Unconstrained build operations Thread 41" [_thread_blocked, id=16896, stack(0x000000d1d9700000,0x000000d1d9800000)]
  0x000002c37e56a000 JavaThread "Unconstrained build operations Thread 42" [_thread_blocked, id=2204, stack(0x000000d1d9800000,0x000000d1d9900000)]
  0x000002c37e569000 JavaThread "Unconstrained build operations Thread 43" [_thread_blocked, id=17808, stack(0x000000d1d9900000,0x000000d1d9a00000)]
  0x000002c37e568000 JavaThread "Unconstrained build operations Thread 44" [_thread_blocked, id=14892, stack(0x000000d1d9a00000,0x000000d1d9b00000)]
  0x000002c37e56a800 JavaThread "Unconstrained build operations Thread 45" [_thread_blocked, id=3204, stack(0x000000d1d9b00000,0x000000d1d9c00000)]
  0x000002c37e56b800 JavaThread "Unconstrained build operations Thread 46" [_thread_blocked, id=1184, stack(0x000000d1d9c00000,0x000000d1d9d00000)]
  0x000002c37e56e000 JavaThread "Unconstrained build operations Thread 47" [_thread_blocked, id=12092, stack(0x000000d1d9d00000,0x000000d1d9e00000)]
  0x000002c37e56f000 JavaThread "Unconstrained build operations Thread 48" [_thread_blocked, id=7084, stack(0x000000d1d9e00000,0x000000d1d9f00000)]
  0x000002c37e56c800 JavaThread "Unconstrained build operations Thread 49" [_thread_blocked, id=12684, stack(0x000000d1d9f00000,0x000000d1da000000)]
  0x000002c37e819000 JavaThread "Unconstrained build operations Thread 50" [_thread_blocked, id=144, stack(0x000000d1da000000,0x000000d1da100000)]
  0x000002c37e81b800 JavaThread "Unconstrained build operations Thread 51" [_thread_blocked, id=12008, stack(0x000000d1da100000,0x000000d1da200000)]
  0x000002c37e81c000 JavaThread "Unconstrained build operations Thread 52" [_thread_blocked, id=7784, stack(0x000000d1da200000,0x000000d1da300000)]
  0x000002c37e81e800 JavaThread "Unconstrained build operations Thread 53" [_thread_blocked, id=10988, stack(0x000000d1da300000,0x000000d1da400000)]
  0x000002c37e81f800 JavaThread "Unconstrained build operations Thread 54" [_thread_blocked, id=13632, stack(0x000000d1da400000,0x000000d1da500000)]
  0x000002c37e81a000 JavaThread "Unconstrained build operations Thread 55" [_thread_blocked, id=18836, stack(0x000000d1da500000,0x000000d1da600000)]
  0x000002c37e820800 JavaThread "Unconstrained build operations Thread 56" [_thread_blocked, id=8584, stack(0x000000d1da600000,0x000000d1da700000)]
  0x000002c37e81d000 JavaThread "Unconstrained build operations Thread 57" [_thread_blocked, id=7512, stack(0x000000d1da700000,0x000000d1da800000)]
  0x000002c37e81e000 JavaThread "Unconstrained build operations Thread 58" [_thread_blocked, id=10972, stack(0x000000d1da800000,0x000000d1da900000)]
  0x000002c37e81a800 JavaThread "Unconstrained build operations Thread 59" [_thread_blocked, id=4784, stack(0x000000d1da900000,0x000000d1daa00000)]
  0x000002c37e825000 JavaThread "Unconstrained build operations Thread 60" [_thread_blocked, id=7444, stack(0x000000d1daa00000,0x000000d1dab00000)]
  0x000002c37e821000 JavaThread "Unconstrained build operations Thread 61" [_thread_blocked, id=10488, stack(0x000000d1dab00000,0x000000d1dac00000)]
  0x000002c37e827800 JavaThread "Unconstrained build operations Thread 62" [_thread_blocked, id=4224, stack(0x000000d1dac00000,0x000000d1dad00000)]
  0x000002c37e823800 JavaThread "Unconstrained build operations Thread 63" [_thread_blocked, id=2804, stack(0x000000d1dad00000,0x000000d1dae00000)]
  0x000002c37e826000 JavaThread "Unconstrained build operations Thread 64" [_thread_blocked, id=17128, stack(0x000000d1dae00000,0x000000d1daf00000)]
  0x000002c37e822000 JavaThread "Unconstrained build operations Thread 65" [_thread_blocked, id=16996, stack(0x000000d1daf00000,0x000000d1db000000)]
  0x000002c37e822800 JavaThread "Unconstrained build operations Thread 66" [_thread_blocked, id=10212, stack(0x000000d1db000000,0x000000d1db100000)]
  0x000002c37e824800 JavaThread "Unconstrained build operations Thread 67" [_thread_blocked, id=14192, stack(0x000000d1db100000,0x000000d1db200000)]
  0x000002c37e827000 JavaThread "Unconstrained build operations Thread 68" [_thread_blocked, id=10848, stack(0x000000d1db200000,0x000000d1db300000)]
  0x000002c37c0f1800 JavaThread "Unconstrained build operations Thread 69" [_thread_blocked, id=6656, stack(0x000000d1db300000,0x000000d1db400000)]
  0x000002c37c0ec800 JavaThread "Unconstrained build operations Thread 70" [_thread_blocked, id=10056, stack(0x000000d1db400000,0x000000d1db500000)]
  0x000002c37c0ef000 JavaThread "Unconstrained build operations Thread 71" [_thread_blocked, id=16952, stack(0x000000d1db500000,0x000000d1db600000)]
  0x000002c37c0ef800 JavaThread "Unconstrained build operations Thread 72" [_thread_blocked, id=13064, stack(0x000000d1db600000,0x000000d1db700000)]
  0x000002c37c0f0800 JavaThread "Unconstrained build operations Thread 73" [_thread_blocked, id=896, stack(0x000000d1db700000,0x000000d1db800000)]
  0x000002c37c0eb800 JavaThread "Unconstrained build operations Thread 74" [_thread_blocked, id=4376, stack(0x000000d1db800000,0x000000d1db900000)]
  0x000002c37c0f3000 JavaThread "Unconstrained build operations Thread 75" [_thread_blocked, id=14056, stack(0x000000d1db900000,0x000000d1dba00000)]
  0x000002c37c0f2000 JavaThread "Unconstrained build operations Thread 76" [_thread_blocked, id=2172, stack(0x000000d1dba00000,0x000000d1dbb00000)]
  0x000002c37c0ed800 JavaThread "Unconstrained build operations Thread 77" [_thread_blocked, id=13900, stack(0x000000d1dbb00000,0x000000d1dbc00000)]
  0x000002c37c0f4000 JavaThread "Unconstrained build operations Thread 78" [_thread_blocked, id=19404, stack(0x000000d1dbc00000,0x000000d1dbd00000)]
  0x000002c37c0ee000 JavaThread "Unconstrained build operations Thread 79" [_thread_blocked, id=9344, stack(0x000000d1dbd00000,0x000000d1dbe00000)]
  0x000002c37c0f5800 JavaThread "Unconstrained build operations Thread 80" [_thread_blocked, id=7760, stack(0x000000d1dbe00000,0x000000d1dbf00000)]
  0x000002c37c0f6800 JavaThread "Memory manager" [_thread_blocked, id=456, stack(0x000000d1dbf00000,0x000000d1dc000000)]

Other Threads:
  0x000002c377aaf800 VMThread "VM Thread" [stack: 0x000000d1d3c00000,0x000000d1d3d00000] [id=19720]
  0x000002c3785dd000 WatcherThread [stack: 0x000000d1d4600000,0x000000d1d4700000] [id=15044]
  0x000002c35cea6000 GCTaskThread "GC Thread#0" [stack: 0x000000d1d3700000,0x000000d1d3800000] [id=15768]
  0x000002c3793f9800 GCTaskThread "GC Thread#1" [stack: 0x000000d1d4800000,0x000000d1d4900000] [id=14476]
  0x000002c37a53e000 GCTaskThread "GC Thread#2" [stack: 0x000000d1d4a00000,0x000000d1d4b00000] [id=296]
  0x000002c379f00000 GCTaskThread "GC Thread#3" [stack: 0x000000d1d4b00000,0x000000d1d4c00000] [id=18872]
  0x000002c37ac68800 GCTaskThread "GC Thread#4" [stack: 0x000000d1d5600000,0x000000d1d5700000] [id=1216]
  0x000002c37964c800 GCTaskThread "GC Thread#5" [stack: 0x000000d1d5700000,0x000000d1d5800000] [id=5972]
  0x000002c378876800 GCTaskThread "GC Thread#6" [stack: 0x000000d1d5800000,0x000000d1d5900000] [id=1516]
  0x000002c37a831800 GCTaskThread "GC Thread#7" [stack: 0x000000d1d5900000,0x000000d1d5a00000] [id=4312]
  0x000002c35ced7000 ConcurrentGCThread "G1 Main Marker" [stack: 0x000000d1d3800000,0x000000d1d3900000] [id=15264]
  0x000002c35ced8000 ConcurrentGCThread "G1 Conc#0" [stack: 0x000000d1d3900000,0x000000d1d3a00000] [id=4424]
  0x000002c379c54800 ConcurrentGCThread "G1 Conc#1" [stack: 0x000000d1d5a00000,0x000000d1d5b00000] [id=10760]
  0x000002c35cf5b800 ConcurrentGCThread "G1 Refine#0" [stack: 0x000000d1d3a00000,0x000000d1d3b00000] [id=7860]
  0x000002c35cf5c800 ConcurrentGCThread "G1 Young RemSet Sampling" [stack: 0x000000d1d3b00000,0x000000d1d3c00000] [id=10092]

Threads with active compile tasks:
C2 CompilerThread0  28916 7732       4       java.lang.invoke.MemberName::getMethodOrFieldType (72 bytes)

VM state:not at safepoint (normal execution)

VM Mutex/Monitor currently owned by a thread: None

Heap address: 0x0000000080000000, size: 2048 MB, Compressed Oops mode: 32-bit
Narrow klass base: 0x0000000000000000, Narrow klass shift: 3
Compressed class space size: 1073741824 Address: 0x0000000100000000

Heap:
 garbage-first heap   total 172032K, used 130629K [0x0000000080000000, 0x0000000100000000)
  region size 1024K, 36 young (36864K), 3 survivors (3072K)
 Metaspace       used 75765K, capacity 77651K, committed 77824K, reserved 1116160K
  class space    used 9721K, capacity 10415K, committed 10496K, reserved 1048576K
Heap Regions: E=young(eden), S=young(survivor), O=old, HS=humongous(starts), HC=humongous(continues), CS=collection set, F=free, A=archive, TAMS=top-at-mark-start (previous, next)
|   0|0x0000000080000000, 0x0000000080100000, 0x0000000080100000|100%| O|  |TAMS 0x0000000080100000, 0x0000000080000000| Untracked 
|   1|0x0000000080100000, 0x0000000080200000, 0x0000000080200000|100%| O|  |TAMS 0x0000000080200000, 0x0000000080100000| Untracked 
|   2|0x0000000080200000, 0x0000000080300000, 0x0000000080300000|100%| O|  |TAMS 0x0000000080300000, 0x0000000080200000| Untracked 
|   3|0x0000000080300000, 0x0000000080400000, 0x0000000080400000|100%|HS|  |TAMS 0x0000000080400000, 0x0000000080300000| Complete 
|   4|0x0000000080400000, 0x0000000080500000, 0x0000000080500000|100%|HC|  |TAMS 0x0000000080500000, 0x0000000080400000| Complete 
|   5|0x0000000080500000, 0x0000000080600000, 0x0000000080600000|100%|HC|  |TAMS 0x0000000080600000, 0x0000000080500000| Complete 
|   6|0x0000000080600000, 0x0000000080700000, 0x0000000080700000|100%| O|  |TAMS 0x0000000080700000, 0x0000000080600000| Untracked 
|   7|0x0000000080700000, 0x0000000080800000, 0x0000000080800000|100%| O|  |TAMS 0x0000000080800000, 0x0000000080700000| Untracked 
|   8|0x0000000080800000, 0x0000000080900000, 0x0000000080900000|100%| O|  |TAMS 0x0000000080900000, 0x0000000080800000| Untracked 
|   9|0x0000000080900000, 0x0000000080a00000, 0x0000000080a00000|100%| O|  |TAMS 0x0000000080a00000, 0x0000000080900000| Untracked 
|  10|0x0000000080a00000, 0x0000000080b00000, 0x0000000080b00000|100%| O|  |TAMS 0x0000000080b00000, 0x0000000080a00000| Untracked 
|  11|0x0000000080b00000, 0x0000000080c00000, 0x0000000080c00000|100%| O|  |TAMS 0x0000000080c00000, 0x0000000080b00000| Untracked 
|  12|0x0000000080c00000, 0x0000000080d00000, 0x0000000080d00000|100%| O|  |TAMS 0x0000000080d00000, 0x0000000080c00000| Untracked 
|  13|0x0000000080d00000, 0x0000000080e00000, 0x0000000080e00000|100%| O|  |TAMS 0x0000000080e00000, 0x0000000080d00000| Untracked 
|  14|0x0000000080e00000, 0x0000000080f00000, 0x0000000080f00000|100%| O|  |TAMS 0x0000000080f00000, 0x0000000080e00000| Untracked 
|  15|0x0000000080f00000, 0x0000000081000000, 0x0000000081000000|100%| O|  |TAMS 0x0000000081000000, 0x0000000080f00000| Untracked 
|  16|0x0000000081000000, 0x0000000081100000, 0x0000000081100000|100%|HS|  |TAMS 0x0000000081100000, 0x0000000081000000| Complete 
|  17|0x0000000081100000, 0x0000000081200000, 0x0000000081200000|100%|HC|  |TAMS 0x0000000081200000, 0x0000000081100000| Complete 
|  18|0x0000000081200000, 0x0000000081300000, 0x0000000081300000|100%|HS|  |TAMS 0x0000000081300000, 0x0000000081200000| Complete 
|  19|0x0000000081300000, 0x0000000081400000, 0x0000000081400000|100%|HC|  |TAMS 0x0000000081400000, 0x0000000081300000| Complete 
|  20|0x0000000081400000, 0x0000000081500000, 0x0000000081500000|100%|HC|  |TAMS 0x0000000081500000, 0x0000000081400000| Complete 
|  21|0x0000000081500000, 0x0000000081600000, 0x0000000081600000|100%|HS|  |TAMS 0x0000000081600000, 0x0000000081500000| Complete 
|  22|0x0000000081600000, 0x0000000081700000, 0x0000000081700000|100%|HS|  |TAMS 0x0000000081700000, 0x0000000081600000| Complete 
|  23|0x0000000081700000, 0x0000000081800000, 0x0000000081800000|100%|HC|  |TAMS 0x0000000081800000, 0x0000000081700000| Complete 
|  24|0x0000000081800000, 0x0000000081900000, 0x0000000081900000|100%|HC|  |TAMS 0x0000000081900000, 0x0000000081800000| Complete 
|  25|0x0000000081900000, 0x0000000081a00000, 0x0000000081a00000|100%|HC|  |TAMS 0x0000000081a00000, 0x0000000081900000| Complete 
|  26|0x0000000081a00000, 0x0000000081b00000, 0x0000000081b00000|100%| O|  |TAMS 0x0000000081b00000, 0x0000000081a00000| Untracked 
|  27|0x0000000081b00000, 0x0000000081c00000, 0x0000000081c00000|100%| O|  |TAMS 0x0000000081c00000, 0x0000000081b00000| Untracked 
|  28|0x0000000081c00000, 0x0000000081d00000, 0x0000000081d00000|100%| O|  |TAMS 0x0000000081d00000, 0x0000000081c00000| Untracked 
|  29|0x0000000081d00000, 0x0000000081e00000, 0x0000000081e00000|100%| O|  |TAMS 0x0000000081e00000, 0x0000000081d00000| Untracked 
|  30|0x0000000081e00000, 0x0000000081f00000, 0x0000000081f00000|100%| O|  |TAMS 0x0000000081f00000, 0x0000000081e00000| Untracked 
|  31|0x0000000081f00000, 0x0000000082000000, 0x0000000082000000|100%| O|  |TAMS 0x0000000082000000, 0x0000000081f00000| Untracked 
|  32|0x0000000082000000, 0x0000000082100000, 0x0000000082100000|100%| O|  |TAMS 0x0000000082100000, 0x0000000082000000| Untracked 
|  33|0x0000000082100000, 0x0000000082200000, 0x0000000082200000|100%| O|  |TAMS 0x0000000082200000, 0x0000000082100000| Untracked 
|  34|0x0000000082200000, 0x0000000082300000, 0x0000000082300000|100%|HS|  |TAMS 0x0000000082300000, 0x0000000082200000| Complete 
|  35|0x0000000082300000, 0x0000000082400000, 0x0000000082400000|100%| O|  |TAMS 0x0000000082400000, 0x0000000082300000| Untracked 
|  36|0x0000000082400000, 0x0000000082500000, 0x0000000082500000|100%| O|  |TAMS 0x0000000082500000, 0x0000000082400000| Untracked 
|  37|0x0000000082500000, 0x0000000082600000, 0x0000000082600000|100%| O|  |TAMS 0x0000000082600000, 0x0000000082500000| Untracked 
|  38|0x0000000082600000, 0x0000000082700000, 0x0000000082700000|100%| O|  |TAMS 0x0000000082700000, 0x0000000082600000| Untracked 
|  39|0x0000000082700000, 0x0000000082800000, 0x0000000082800000|100%| O|  |TAMS 0x0000000082800000, 0x0000000082700000| Untracked 
|  40|0x0000000082800000, 0x0000000082900000, 0x0000000082900000|100%| O|  |TAMS 0x0000000082900000, 0x0000000082800000| Untracked 
|  41|0x0000000082900000, 0x0000000082a00000, 0x0000000082a00000|100%| O|  |TAMS 0x0000000082a00000, 0x0000000082900000| Untracked 
|  42|0x0000000082a00000, 0x0000000082b00000, 0x0000000082b00000|100%|HS|  |TAMS 0x0000000082b00000, 0x0000000082a00000| Complete 
|  43|0x0000000082b00000, 0x0000000082c00000, 0x0000000082c00000|100%|HC|  |TAMS 0x0000000082c00000, 0x0000000082b00000| Complete 
|  44|0x0000000082c00000, 0x0000000082d00000, 0x0000000082d00000|100%|HC|  |TAMS 0x0000000082d00000, 0x0000000082c00000| Complete 
|  45|0x0000000082d00000, 0x0000000082e00000, 0x0000000082e00000|100%| O|  |TAMS 0x0000000082e00000, 0x0000000082d00000| Untracked 
|  46|0x0000000082e00000, 0x0000000082f00000, 0x0000000082f00000|100%| O|  |TAMS 0x0000000082f00000, 0x0000000082e00000| Untracked 
|  47|0x0000000082f00000, 0x0000000083000000, 0x0000000083000000|100%| O|  |TAMS 0x0000000083000000, 0x0000000082f00000| Untracked 
|  48|0x0000000083000000, 0x0000000083100000, 0x0000000083100000|100%| O|  |TAMS 0x0000000083100000, 0x0000000083000000| Untracked 
|  49|0x0000000083100000, 0x0000000083200000, 0x0000000083200000|100%| O|  |TAMS 0x0000000083200000, 0x0000000083100000| Untracked 
|  50|0x0000000083200000, 0x0000000083300000, 0x0000000083300000|100%|HS|  |TAMS 0x0000000083300000, 0x0000000083200000| Complete 
|  51|0x0000000083300000, 0x0000000083400000, 0x0000000083400000|100%|HC|  |TAMS 0x0000000083400000, 0x0000000083300000| Complete 
|  52|0x0000000083400000, 0x0000000083500000, 0x0000000083500000|100%|HC|  |TAMS 0x0000000083500000, 0x0000000083400000| Complete 
|  53|0x0000000083500000, 0x0000000083600000, 0x0000000083600000|100%|HC|  |TAMS 0x0000000083600000, 0x0000000083500000| Complete 
|  54|0x0000000083600000, 0x0000000083700000, 0x0000000083700000|100%| O|  |TAMS 0x0000000083700000, 0x0000000083600000| Untracked 
|  55|0x0000000083700000, 0x0000000083800000, 0x0000000083800000|100%| O|  |TAMS 0x0000000083800000, 0x0000000083700000| Untracked 
|  56|0x0000000083800000, 0x0000000083900000, 0x0000000083900000|100%| O|  |TAMS 0x0000000083900000, 0x0000000083800000| Untracked 
|  57|0x0000000083900000, 0x0000000083a00000, 0x0000000083a00000|100%| O|  |TAMS 0x0000000083a00000, 0x0000000083900000| Untracked 
|  58|0x0000000083a00000, 0x0000000083b00000, 0x0000000083b00000|100%| O|  |TAMS 0x0000000083b00000, 0x0000000083a00000| Untracked 
|  59|0x0000000083b00000, 0x0000000083c00000, 0x0000000083c00000|100%| O|  |TAMS 0x0000000083c00000, 0x0000000083b00000| Untracked 
|  60|0x0000000083c00000, 0x0000000083d00000, 0x0000000083d00000|100%| O|  |TAMS 0x0000000083d00000, 0x0000000083c00000| Untracked 
|  61|0x0000000083d00000, 0x0000000083e00000, 0x0000000083e00000|100%|HS|  |TAMS 0x0000000083e00000, 0x0000000083d00000| Complete 
|  62|0x0000000083e00000, 0x0000000083f00000, 0x0000000083f00000|100%|HC|  |TAMS 0x0000000083f00000, 0x0000000083e00000| Complete 
|  63|0x0000000083f00000, 0x0000000084000000, 0x0000000084000000|100%|HC|  |TAMS 0x0000000084000000, 0x0000000083f00000| Complete 
|  64|0x0000000084000000, 0x0000000084100000, 0x0000000084100000|100%|HC|  |TAMS 0x0000000084100000, 0x0000000084000000| Complete 
|  65|0x0000000084100000, 0x0000000084200000, 0x0000000084200000|100%|HC|  |TAMS 0x0000000084200000, 0x0000000084100000| Complete 
|  66|0x0000000084200000, 0x0000000084300000, 0x0000000084300000|100%|HC|  |TAMS 0x0000000084300000, 0x0000000084200000| Complete 
|  67|0x0000000084300000, 0x0000000084400000, 0x0000000084400000|100%|HS|  |TAMS 0x0000000084400000, 0x0000000084300000| Complete 
|  68|0x0000000084400000, 0x0000000084500000, 0x0000000084500000|100%|HS|  |TAMS 0x0000000084500000, 0x0000000084400000| Complete 
|  69|0x0000000084500000, 0x0000000084600000, 0x0000000084600000|100%|HS|  |TAMS 0x0000000084600000, 0x0000000084500000| Complete 
|  70|0x0000000084600000, 0x0000000084700000, 0x0000000084700000|100%|HS|  |TAMS 0x0000000084700000, 0x0000000084600000| Complete 
|  71|0x0000000084700000, 0x0000000084800000, 0x0000000084800000|100%|HS|  |TAMS 0x0000000084800000, 0x0000000084700000| Complete 
|  72|0x0000000084800000, 0x0000000084900000, 0x0000000084900000|100%|HC|  |TAMS 0x0000000084900000, 0x0000000084800000| Complete 
|  73|0x0000000084900000, 0x0000000084a00000, 0x0000000084a00000|100%|HC|  |TAMS 0x0000000084a00000, 0x0000000084900000| Complete 
|  74|0x0000000084a00000, 0x0000000084b00000, 0x0000000084b00000|100%| O|  |TAMS 0x0000000084b00000, 0x0000000084a00000| Untracked 
|  75|0x0000000084b00000, 0x0000000084c00000, 0x0000000084c00000|100%| O|  |TAMS 0x0000000084c00000, 0x0000000084b00000| Untracked 
|  76|0x0000000084c00000, 0x0000000084d00000, 0x0000000084d00000|100%| O|  |TAMS 0x0000000084d00000, 0x0000000084c00000| Untracked 
|  77|0x0000000084d00000, 0x0000000084e00000, 0x0000000084e00000|100%| O|  |TAMS 0x0000000084e00000, 0x0000000084d00000| Untracked 
|  78|0x0000000084e00000, 0x0000000084f00000, 0x0000000084f00000|100%|HS|  |TAMS 0x0000000084f00000, 0x0000000084e00000| Complete 
|  79|0x0000000084f00000, 0x0000000085000000, 0x0000000085000000|100%|HC|  |TAMS 0x0000000085000000, 0x0000000084f00000| Complete 
|  80|0x0000000085000000, 0x0000000085100000, 0x0000000085100000|100%| O|  |TAMS 0x0000000085100000, 0x0000000085000000| Untracked 
|  81|0x0000000085100000, 0x0000000085200000, 0x0000000085200000|100%| O|  |TAMS 0x0000000085200000, 0x0000000085100000| Untracked 
|  82|0x0000000085200000, 0x0000000085300000, 0x0000000085300000|100%| O|  |TAMS 0x0000000085300000, 0x0000000085200000| Untracked 
|  83|0x0000000085300000, 0x0000000085400000, 0x0000000085400000|100%| O|  |TAMS 0x0000000085400000, 0x0000000085300000| Untracked 
|  84|0x0000000085400000, 0x0000000085500000, 0x0000000085500000|100%| O|  |TAMS 0x0000000085500000, 0x0000000085400000| Untracked 
|  85|0x0000000085500000, 0x0000000085600000, 0x0000000085600000|100%| O|  |TAMS 0x0000000085600000, 0x0000000085500000| Untracked 
|  86|0x0000000085600000, 0x0000000085700000, 0x0000000085700000|100%| O|  |TAMS 0x0000000085700000, 0x0000000085600000| Untracked 
|  87|0x0000000085700000, 0x0000000085800000, 0x0000000085800000|100%| O|  |TAMS 0x0000000085800000, 0x0000000085700000| Untracked 
|  88|0x0000000085800000, 0x0000000085900000, 0x0000000085900000|100%| O|  |TAMS 0x0000000085900000, 0x0000000085800000| Untracked 
|  89|0x0000000085900000, 0x0000000085a00000, 0x0000000085a00000|100%| O|  |TAMS 0x0000000085a00000, 0x0000000085900000| Untracked 
|  90|0x0000000085a00000, 0x0000000085b00000, 0x0000000085b00000|100%| O|  |TAMS 0x0000000085a0fe08, 0x0000000085a00000| Untracked 
|  91|0x0000000085b00000, 0x0000000085c00000, 0x0000000085c00000|100%| O|  |TAMS 0x0000000085b00000, 0x0000000085b00000| Untracked 
|  92|0x0000000085c00000, 0x0000000085d00000, 0x0000000085d00000|100%| O|  |TAMS 0x0000000085c00000, 0x0000000085c00000| Untracked 
|  93|0x0000000085d00000, 0x0000000085d26400, 0x0000000085e00000| 14%| O|  |TAMS 0x0000000085d00000, 0x0000000085d00000| Untracked 
|  94|0x0000000085e00000, 0x0000000085e00000, 0x0000000085f00000|  0%| F|  |TAMS 0x0000000085e00000, 0x0000000085e00000| Untracked 
|  95|0x0000000085f00000, 0x0000000085f00000, 0x0000000086000000|  0%| F|  |TAMS 0x0000000085f00000, 0x0000000085f00000| Untracked 
|  96|0x0000000086000000, 0x0000000086000000, 0x0000000086100000|  0%| F|  |TAMS 0x0000000086000000, 0x0000000086000000| Untracked 
|  97|0x0000000086100000, 0x0000000086100000, 0x0000000086200000|  0%| F|  |TAMS 0x0000000086100000, 0x0000000086100000| Untracked 
|  98|0x0000000086200000, 0x0000000086200000, 0x0000000086300000|  0%| F|  |TAMS 0x0000000086200000, 0x0000000086200000| Untracked 
|  99|0x0000000086300000, 0x0000000086300000, 0x0000000086400000|  0%| F|  |TAMS 0x0000000086300000, 0x0000000086300000| Untracked 
| 100|0x0000000086400000, 0x0000000086400000, 0x0000000086500000|  0%| F|  |TAMS 0x0000000086400000, 0x0000000086400000| Untracked 
| 101|0x0000000086500000, 0x0000000086500000, 0x0000000086600000|  0%| F|  |TAMS 0x0000000086500000, 0x0000000086500000| Untracked 
| 102|0x0000000086600000, 0x0000000086600000, 0x0000000086700000|  0%| F|  |TAMS 0x0000000086600000, 0x0000000086600000| Untracked 
| 103|0x0000000086700000, 0x0000000086700000, 0x0000000086800000|  0%| F|  |TAMS 0x0000000086700000, 0x0000000086700000| Untracked 
| 104|0x0000000086800000, 0x0000000086800000, 0x0000000086900000|  0%| F|  |TAMS 0x0000000086800000, 0x0000000086800000| Untracked 
| 105|0x0000000086900000, 0x0000000086900000, 0x0000000086a00000|  0%| F|  |TAMS 0x0000000086900000, 0x0000000086900000| Untracked 
| 106|0x0000000086a00000, 0x0000000086a00000, 0x0000000086b00000|  0%| F|  |TAMS 0x0000000086a00000, 0x0000000086a00000| Untracked 
| 107|0x0000000086b00000, 0x0000000086b00000, 0x0000000086c00000|  0%| F|  |TAMS 0x0000000086b00000, 0x0000000086b00000| Untracked 
| 108|0x0000000086c00000, 0x0000000086c00000, 0x0000000086d00000|  0%| F|  |TAMS 0x0000000086c00000, 0x0000000086c00000| Untracked 
| 109|0x0000000086d00000, 0x0000000086d00000, 0x0000000086e00000|  0%| F|  |TAMS 0x0000000086d00000, 0x0000000086d00000| Untracked 
| 110|0x0000000086e00000, 0x0000000086e00000, 0x0000000086f00000|  0%| F|  |TAMS 0x0000000086e00000, 0x0000000086e00000| Untracked 
| 111|0x0000000086f00000, 0x0000000086f00000, 0x0000000087000000|  0%| F|  |TAMS 0x0000000086f00000, 0x0000000086f00000| Untracked 
| 112|0x0000000087000000, 0x000000008706b130, 0x0000000087100000| 41%| S|CS|TAMS 0x0000000087000000, 0x0000000087000000| Complete 
| 113|0x0000000087100000, 0x0000000087200000, 0x0000000087200000|100%| S|CS|TAMS 0x0000000087100000, 0x0000000087100000| Complete 
| 114|0x0000000087200000, 0x0000000087200000, 0x0000000087300000|  0%| F|  |TAMS 0x0000000087200000, 0x0000000087200000| Untracked 
| 115|0x0000000087300000, 0x0000000087300000, 0x0000000087400000|  0%| F|  |TAMS 0x0000000087300000, 0x0000000087300000| Untracked 
| 116|0x0000000087400000, 0x0000000087500000, 0x0000000087500000|100%| S|CS|TAMS 0x0000000087400000, 0x0000000087400000| Complete 
| 117|0x0000000087500000, 0x0000000087500000, 0x0000000087600000|  0%| F|  |TAMS 0x0000000087500000, 0x0000000087500000| Untracked 
| 118|0x0000000087600000, 0x0000000087600000, 0x0000000087700000|  0%| F|  |TAMS 0x0000000087600000, 0x0000000087600000| Untracked 
| 119|0x0000000087700000, 0x0000000087700000, 0x0000000087800000|  0%| F|  |TAMS 0x0000000087700000, 0x0000000087700000| Untracked 
| 120|0x0000000087800000, 0x0000000087800000, 0x0000000087900000|  0%| F|  |TAMS 0x0000000087800000, 0x0000000087800000| Untracked 
| 121|0x0000000087900000, 0x0000000087900000, 0x0000000087a00000|  0%| F|  |TAMS 0x0000000087900000, 0x0000000087900000| Untracked 
| 122|0x0000000087a00000, 0x0000000087a00000, 0x0000000087b00000|  0%| F|  |TAMS 0x0000000087a00000, 0x0000000087a00000| Untracked 
| 123|0x0000000087b00000, 0x0000000087b00000, 0x0000000087c00000|  0%| F|  |TAMS 0x0000000087b00000, 0x0000000087b00000| Untracked 
| 124|0x0000000087c00000, 0x0000000087c00000, 0x0000000087d00000|  0%| F|  |TAMS 0x0000000087c00000, 0x0000000087c00000| Untracked 
| 125|0x0000000087d00000, 0x0000000087d00000, 0x0000000087e00000|  0%| F|  |TAMS 0x0000000087d00000, 0x0000000087d00000| Untracked 
| 126|0x0000000087e00000, 0x0000000087e00000, 0x0000000087f00000|  0%| F|  |TAMS 0x0000000087e00000, 0x0000000087e00000| Untracked 
| 127|0x0000000087f00000, 0x0000000087f00000, 0x0000000088000000|  0%| F|  |TAMS 0x0000000087f00000, 0x0000000087f00000| Untracked 
| 128|0x0000000088000000, 0x0000000088000000, 0x0000000088100000|  0%| F|  |TAMS 0x0000000088000000, 0x0000000088000000| Untracked 
| 129|0x0000000088100000, 0x0000000088100000, 0x0000000088200000|  0%| F|  |TAMS 0x0000000088100000, 0x0000000088100000| Untracked 
| 130|0x0000000088200000, 0x0000000088200000, 0x0000000088300000|  0%| F|  |TAMS 0x0000000088200000, 0x0000000088200000| Untracked 
| 131|0x0000000088300000, 0x0000000088300000, 0x0000000088400000|  0%| F|  |TAMS 0x0000000088300000, 0x0000000088300000| Untracked 
| 132|0x0000000088400000, 0x0000000088400000, 0x0000000088500000|  0%| F|  |TAMS 0x0000000088400000, 0x0000000088400000| Untracked 
| 133|0x0000000088500000, 0x0000000088500000, 0x0000000088600000|  0%| F|  |TAMS 0x0000000088500000, 0x0000000088500000| Untracked 
| 134|0x0000000088600000, 0x0000000088600000, 0x0000000088700000|  0%| F|  |TAMS 0x0000000088600000, 0x0000000088600000| Untracked 
| 135|0x0000000088700000, 0x0000000088783ca0, 0x0000000088800000| 51%| E|  |TAMS 0x0000000088700000, 0x0000000088700000| Complete 
| 136|0x0000000088800000, 0x0000000088900000, 0x0000000088900000|100%| E|CS|TAMS 0x0000000088800000, 0x0000000088800000| Complete 
| 137|0x0000000088900000, 0x0000000088a00000, 0x0000000088a00000|100%| E|CS|TAMS 0x0000000088900000, 0x0000000088900000| Complete 
| 138|0x0000000088a00000, 0x0000000088b00000, 0x0000000088b00000|100%| E|CS|TAMS 0x0000000088a00000, 0x0000000088a00000| Complete 
| 139|0x0000000088b00000, 0x0000000088c00000, 0x0000000088c00000|100%| E|CS|TAMS 0x0000000088b00000, 0x0000000088b00000| Complete 
| 140|0x0000000088c00000, 0x0000000088d00000, 0x0000000088d00000|100%| E|CS|TAMS 0x0000000088c00000, 0x0000000088c00000| Complete 
| 141|0x0000000088d00000, 0x0000000088e00000, 0x0000000088e00000|100%| E|CS|TAMS 0x0000000088d00000, 0x0000000088d00000| Complete 
| 142|0x0000000088e00000, 0x0000000088f00000, 0x0000000088f00000|100%| E|CS|TAMS 0x0000000088e00000, 0x0000000088e00000| Complete 
| 143|0x0000000088f00000, 0x0000000089000000, 0x0000000089000000|100%| E|CS|TAMS 0x0000000088f00000, 0x0000000088f00000| Complete 
| 144|0x0000000089000000, 0x0000000089100000, 0x0000000089100000|100%| E|CS|TAMS 0x0000000089000000, 0x0000000089000000| Complete 
| 145|0x0000000089100000, 0x0000000089200000, 0x0000000089200000|100%| E|CS|TAMS 0x0000000089100000, 0x0000000089100000| Complete 
| 146|0x0000000089200000, 0x0000000089300000, 0x0000000089300000|100%| E|CS|TAMS 0x0000000089200000, 0x0000000089200000| Complete 
| 147|0x0000000089300000, 0x0000000089400000, 0x0000000089400000|100%| E|CS|TAMS 0x0000000089300000, 0x0000000089300000| Complete 
| 148|0x0000000089400000, 0x0000000089500000, 0x0000000089500000|100%| E|CS|TAMS 0x0000000089400000, 0x0000000089400000| Complete 
| 149|0x0000000089500000, 0x0000000089600000, 0x0000000089600000|100%| E|CS|TAMS 0x0000000089500000, 0x0000000089500000| Complete 
| 150|0x0000000089600000, 0x0000000089700000, 0x0000000089700000|100%| E|CS|TAMS 0x0000000089600000, 0x0000000089600000| Complete 
| 151|0x0000000089700000, 0x0000000089800000, 0x0000000089800000|100%| E|CS|TAMS 0x0000000089700000, 0x0000000089700000| Complete 
| 152|0x0000000089800000, 0x0000000089900000, 0x0000000089900000|100%| E|CS|TAMS 0x0000000089800000, 0x0000000089800000| Complete 
| 153|0x0000000089900000, 0x0000000089a00000, 0x0000000089a00000|100%| E|CS|TAMS 0x0000000089900000, 0x0000000089900000| Complete 
| 154|0x0000000089a00000, 0x0000000089b00000, 0x0000000089b00000|100%| E|CS|TAMS 0x0000000089a00000, 0x0000000089a00000| Complete 
| 155|0x0000000089b00000, 0x0000000089c00000, 0x0000000089c00000|100%| E|CS|TAMS 0x0000000089b00000, 0x0000000089b00000| Complete 
| 156|0x0000000089c00000, 0x0000000089d00000, 0x0000000089d00000|100%| E|CS|TAMS 0x0000000089c00000, 0x0000000089c00000| Complete 
| 157|0x0000000089d00000, 0x0000000089e00000, 0x0000000089e00000|100%| E|CS|TAMS 0x0000000089d00000, 0x0000000089d00000| Complete 
| 158|0x0000000089e00000, 0x0000000089f00000, 0x0000000089f00000|100%| E|CS|TAMS 0x0000000089e00000, 0x0000000089e00000| Complete 
| 159|0x0000000089f00000, 0x000000008a000000, 0x000000008a000000|100%| E|CS|TAMS 0x0000000089f00000, 0x0000000089f00000| Complete 
| 160|0x000000008a000000, 0x000000008a100000, 0x000000008a100000|100%| E|CS|TAMS 0x000000008a000000, 0x000000008a000000| Complete 
| 161|0x000000008a100000, 0x000000008a200000, 0x000000008a200000|100%| E|CS|TAMS 0x000000008a100000, 0x000000008a100000| Complete 
| 162|0x000000008a200000, 0x000000008a300000, 0x000000008a300000|100%| E|CS|TAMS 0x000000008a200000, 0x000000008a200000| Complete 
| 163|0x000000008a300000, 0x000000008a400000, 0x000000008a400000|100%| E|CS|TAMS 0x000000008a300000, 0x000000008a300000| Complete 
| 164|0x000000008a400000, 0x000000008a500000, 0x000000008a500000|100%| E|CS|TAMS 0x000000008a400000, 0x000000008a400000| Complete 
| 165|0x000000008a500000, 0x000000008a600000, 0x000000008a600000|100%| E|CS|TAMS 0x000000008a500000, 0x000000008a500000| Complete 
| 166|0x000000008a600000, 0x000000008a700000, 0x000000008a700000|100%| E|CS|TAMS 0x000000008a600000, 0x000000008a600000| Complete 
| 167|0x000000008a700000, 0x000000008a800000, 0x000000008a800000|100%| E|CS|TAMS 0x000000008a700000, 0x000000008a700000| Complete 

Card table byte_map: [0x000002c370800000,0x000002c370c00000] _byte_map_base: 0x000002c370400000

Marking Bits (Prev, Next): (CMBitMap*) 0x000002c35cece068, (CMBitMap*) 0x000002c35cece0a0
 Prev Bits: [0x000002c371000000, 0x000002c373000000)
 Next Bits: [0x000002c373000000, 0x000002c375000000)

Polling page: 0x000002c35b640000

Metaspace:

Usage:
  Non-class:     65.66 MB capacity,    64.50 MB ( 98%) used,  1002.70 KB (  1%) free+waste,   189.56 KB ( <1%) overhead. 
      Class:     10.17 MB capacity,     9.49 MB ( 93%) used,   604.34 KB (  6%) free+waste,    88.75 KB ( <1%) overhead. 
       Both:     75.83 MB capacity,    73.99 MB ( 98%) used,     1.57 MB (  2%) free+waste,   278.31 KB ( <1%) overhead. 

Virtual space:
  Non-class space:       66.00 MB reserved,      65.75 MB (>99%) committed 
      Class space:        1.00 GB reserved,      10.25 MB (  1%) committed 
             Both:        1.06 GB reserved,      76.00 MB (  7%) committed 

Chunk freelists:
   Non-Class:  28.00 KB
       Class:  17.00 KB
        Both:  45.00 KB

MaxMetaspaceSize: 17179869184.00 GB
CompressedClassSpaceSize: 1.00 GB
Initial GC threshold: 20.80 MB
Current GC threshold: 119.79 MB
CDS: off

CodeHeap 'non-profiled nmethods': size=120000Kb used=3940Kb max_used=3940Kb free=116059Kb
 bounds [0x000002c368470000, 0x000002c368850000, 0x000002c36f9a0000]
CodeHeap 'profiled nmethods': size=120000Kb used=16063Kb max_used=16063Kb free=103936Kb
 bounds [0x000002c360f40000, 0x000002c361ef0000, 0x000002c368470000]
CodeHeap 'non-nmethods': size=5760Kb used=2359Kb max_used=2388Kb free=3400Kb
 bounds [0x000002c3609a0000, 0x000002c360c10000, 0x000002c360f40000]
 total_blobs=8473 nmethods=7601 adapters=784
 compilation: enabled
              stopped_count=0, restarted_count=0
 full_count=0

Compilation events (20 events):
Event: 28.615 Thread 0x000002c377aea000 nmethod 7728 0x000002c368848810 code [0x000002c3688489c0, 0x000002c368848a78]
Event: 28.617 Thread 0x000002c377aea000 7729       3       org.gradle.internal.ImmutableActionSet::mergeFrom (37 bytes)
Event: 28.617 Thread 0x000002c377aea000 nmethod 7729 0x000002c361ee8f90 code [0x000002c361ee9180, 0x000002c361ee95e8]
Event: 28.626 Thread 0x000002c377aea000 7730       3       org.gradle.internal.ImmutableActionSet$SetWithManyActions::unpackInto (10 bytes)
Event: 28.626 Thread 0x000002c377aea000 nmethod 7730 0x000002c361ee9710 code [0x000002c361ee98c0, 0x000002c361ee9a88]
Event: 28.666 Thread 0x000002c377aea000 7731       3       org.gradle.api.internal.tasks.AbstractTaskDependency::<init> (5 bytes)
Event: 28.666 Thread 0x000002c377aea000 nmethod 7731 0x000002c361ee9b90 code [0x000002c361ee9d40, 0x000002c361ee9e98]
Event: 28.667 Thread 0x000002c377adf000 7732       4       java.lang.invoke.MemberName::getMethodOrFieldType (72 bytes)
Event: 28.673 Thread 0x000002c377aea000 7733       1       com.android.build.api.artifact.Artifact::getKind (5 bytes)
Event: 28.674 Thread 0x000002c377aea000 nmethod 7733 0x000002c368848b10 code [0x000002c368848cc0, 0x000002c368848d78]
Event: 28.674 Thread 0x000002c377aea000 7734       3       org.gradle.api.internal.file.DefaultFilePropertyFactory$AbstractFileVar::<init> (7 bytes)
Event: 28.674 Thread 0x000002c377aea000 nmethod 7734 0x000002c361ee9f90 code [0x000002c361eea200, 0x000002c361eeae28]
Event: 28.691 Thread 0x000002c377aea000 7735       1       org.gradle.api.internal.provider.FlatMapProvider::getType (2 bytes)
Event: 28.691 Thread 0x000002c377aea000 nmethod 7735 0x000002c368848e10 code [0x000002c368848fc0, 0x000002c368849078]
Event: 28.694 Thread 0x000002c377aea000 7736       3       java.util.concurrent.atomic.AtomicBoolean::compareAndSet (26 bytes)
Event: 28.695 Thread 0x000002c377aea000 nmethod 7736 0x000002c361eeb210 code [0x000002c361eeb440, 0x000002c361eeba98]
Event: 28.829 Thread 0x000002c377aea000 7737       3       org.gradle.api.internal.DefaultNamedDomainObjectCollection$AbstractDomainObjectCreatingProvider::getName (5 bytes)
Event: 28.829 Thread 0x000002c377aea000 nmethod 7737 0x000002c361eebd10 code [0x000002c361eebec0, 0x000002c361eebfd8]
Event: 28.830 Thread 0x000002c377aea000 7738       3       com.android.utils.StringHelper::appendCapitalized (309 bytes)
Event: 28.833 Thread 0x000002c377aea000 nmethod 7738 0x000002c361eec090 code [0x000002c361eec620, 0x000002c361eeeb28]

GC Heap History (20 events):
Event: 19.628 GC heap before
{Heap before GC invocations=37 (full 0):
 garbage-first heap   total 118784K, used 97763K [0x0000000080000000, 0x0000000100000000)
  region size 1024K, 13 young (13312K), 1 survivors (1024K)
 Metaspace       used 57283K, capacity 58816K, committed 58880K, reserved 1099776K
  class space    used 7379K, capacity 7929K, committed 7936K, reserved 1048576K
}
Event: 19.633 GC heap after
{Heap after GC invocations=38 (full 0):
 garbage-first heap   total 118784K, used 86075K [0x0000000080000000, 0x0000000100000000)
  region size 1024K, 2 young (2048K), 2 survivors (2048K)
 Metaspace       used 57283K, capacity 58816K, committed 58880K, reserved 1099776K
  class space    used 7379K, capacity 7929K, committed 7936K, reserved 1048576K
}
Event: 19.952 GC heap before
{Heap before GC invocations=39 (full 0):
 garbage-first heap   total 118784K, used 98363K [0x0000000080000000, 0x0000000100000000)
  region size 1024K, 14 young (14336K), 2 survivors (2048K)
 Metaspace       used 59330K, capacity 60968K, committed 61184K, reserved 1101824K
  class space    used 7587K, capacity 8134K, committed 8192K, reserved 1048576K
}
Event: 19.956 GC heap after
{Heap after GC invocations=40 (full 0):
 garbage-first heap   total 118784K, used 86387K [0x0000000080000000, 0x0000000100000000)
  region size 1024K, 2 young (2048K), 2 survivors (2048K)
 Metaspace       used 59330K, capacity 60968K, committed 61184K, reserved 1101824K
  class space    used 7587K, capacity 8134K, committed 8192K, reserved 1048576K
}
Event: 20.477 GC heap before
{Heap before GC invocations=40 (full 0):
 garbage-first heap   total 118784K, used 98675K [0x0000000080000000, 0x0000000100000000)
  region size 1024K, 14 young (14336K), 2 survivors (2048K)
 Metaspace       used 60971K, capacity 62617K, committed 62848K, reserved 1103872K
  class space    used 7739K, capacity 8298K, committed 8320K, reserved 1048576K
}
Event: 20.483 GC heap after
{Heap after GC invocations=41 (full 0):
 garbage-first heap   total 143360K, used 86947K [0x0000000080000000, 0x0000000100000000)
  region size 1024K, 2 young (2048K), 2 survivors (2048K)
 Metaspace       used 60971K, capacity 62617K, committed 62848K, reserved 1103872K
  class space    used 7739K, capacity 8298K, committed 8320K, reserved 1048576K
}
Event: 22.036 GC heap before
{Heap before GC invocations=42 (full 0):
 garbage-first heap   total 143360K, used 110499K [0x0000000080000000, 0x0000000100000000)
  region size 1024K, 26 young (26624K), 2 survivors (2048K)
 Metaspace       used 64588K, capacity 66214K, committed 66432K, reserved 1107968K
  class space    used 8210K, capacity 8792K, committed 8832K, reserved 1048576K
}
Event: 22.043 GC heap after
{Heap after GC invocations=43 (full 0):
 garbage-first heap   total 143360K, used 89513K [0x0000000080000000, 0x0000000100000000)
  region size 1024K, 4 young (4096K), 4 survivors (4096K)
 Metaspace       used 64588K, capacity 66214K, committed 66432K, reserved 1107968K
  class space    used 8210K, capacity 8792K, committed 8832K, reserved 1048576K
}
Event: 23.048 GC heap before
{Heap before GC invocations=43 (full 0):
 garbage-first heap   total 143360K, used 113065K [0x0000000080000000, 0x0000000100000000)
  region size 1024K, 28 young (28672K), 4 survivors (4096K)
 Metaspace       used 66562K, capacity 68289K, committed 68480K, reserved 1107968K
  class space    used 8453K, capacity 9053K, committed 9088K, reserved 1048576K
}
Event: 23.056 GC heap after
{Heap after GC invocations=44 (full 0):
 garbage-first heap   total 143360K, used 91286K [0x0000000080000000, 0x0000000100000000)
  region size 1024K, 3 young (3072K), 3 survivors (3072K)
 Metaspace       used 66562K, capacity 68289K, committed 68480K, reserved 1107968K
  class space    used 8453K, capacity 9053K, committed 9088K, reserved 1048576K
}
Event: 24.711 GC heap before
{Heap before GC invocations=45 (full 0):
 garbage-first heap   total 143360K, used 113814K [0x0000000080000000, 0x0000000100000000)
  region size 1024K, 26 young (26624K), 3 survivors (3072K)
 Metaspace       used 68279K, capacity 70007K, committed 70272K, reserved 1110016K
  class space    used 8678K, capacity 9261K, committed 9344K, reserved 1048576K
}
Event: 24.716 GC heap after
{Heap after GC invocations=46 (full 0):
 garbage-first heap   total 143360K, used 92432K [0x0000000080000000, 0x0000000100000000)
  region size 1024K, 4 young (4096K), 4 survivors (4096K)
 Metaspace       used 68279K, capacity 70007K, committed 70272K, reserved 1110016K
  class space    used 8678K, capacity 9261K, committed 9344K, reserved 1048576K
}
Event: 24.717 GC heap before
{Heap before GC invocations=46 (full 0):
 garbage-first heap   total 143360K, used 92432K [0x0000000080000000, 0x0000000100000000)
  region size 1024K, 5 young (5120K), 4 survivors (4096K)
 Metaspace       used 68279K, capacity 70007K, committed 70272K, reserved 1110016K
  class space    used 8678K, capacity 9261K, committed 9344K, reserved 1048576K
}
Event: 24.721 GC heap after
{Heap after GC invocations=47 (full 0):
 garbage-first heap   total 143360K, used 92727K [0x0000000080000000, 0x0000000100000000)
  region size 1024K, 2 young (2048K), 2 survivors (2048K)
 Metaspace       used 68279K, capacity 70007K, committed 70272K, reserved 1110016K
  class space    used 8678K, capacity 9261K, committed 9344K, reserved 1048576K
}
Event: 25.709 GC heap before
{Heap before GC invocations=48 (full 0):
 garbage-first heap   total 143360K, used 118327K [0x0000000080000000, 0x0000000100000000)
  region size 1024K, 26 young (26624K), 2 survivors (2048K)
 Metaspace       used 70775K, capacity 72512K, committed 72704K, reserved 1112064K
  class space    used 9000K, capacity 9644K, committed 9728K, reserved 1048576K
}
Event: 25.713 GC heap after
{Heap after GC invocations=49 (full 0):
 garbage-first heap   total 143360K, used 93190K [0x0000000080000000, 0x0000000100000000)
  region size 1024K, 3 young (3072K), 3 survivors (3072K)
 Metaspace       used 70775K, capacity 72512K, committed 72704K, reserved 1112064K
  class space    used 9000K, capacity 9644K, committed 9728K, reserved 1048576K
}
Event: 26.475 GC heap before
{Heap before GC invocations=49 (full 0):
 garbage-first heap   total 143360K, used 117766K [0x0000000080000000, 0x0000000100000000)
  region size 1024K, 27 young (27648K), 3 survivors (3072K)
 Metaspace       used 71697K, capacity 73502K, committed 73600K, reserved 1114112K
  class space    used 9120K, capacity 9758K, committed 9856K, reserved 1048576K
}
Event: 26.485 GC heap after
{Heap after GC invocations=50 (full 0):
 garbage-first heap   total 143360K, used 95648K [0x0000000080000000, 0x0000000100000000)
  region size 1024K, 4 young (4096K), 4 survivors (4096K)
 Metaspace       used 71697K, capacity 73502K, committed 73600K, reserved 1114112K
  class space    used 9120K, capacity 9758K, committed 9856K, reserved 1048576K
}
Event: 26.785 GC heap before
{Heap before GC invocations=51 (full 0):
 garbage-first heap   total 143360K, used 119200K [0x0000000080000000, 0x0000000100000000)
  region size 1024K, 27 young (27648K), 4 survivors (4096K)
 Metaspace       used 71925K, capacity 73761K, committed 73856K, reserved 1114112K
  class space    used 9136K, capacity 9824K, committed 9856K, reserved 1048576K
}
Event: 26.792 GC heap after
{Heap after GC invocations=52 (full 0):
 garbage-first heap   total 172032K, used 97861K [0x0000000080000000, 0x0000000100000000)
  region size 1024K, 3 young (3072K), 3 survivors (3072K)
 Metaspace       used 71925K, capacity 73761K, committed 73856K, reserved 1114112K
  class space    used 9136K, capacity 9824K, committed 9856K, reserved 1048576K
}

Deoptimization events (20 events):
Event: 25.278 Thread 0x000002c379b12800 DEOPT PACKING pc=0x000002c361476211 sp=0x000000d1d50f7810
Event: 25.278 Thread 0x000002c379b12800 DEOPT UNPACKING pc=0x000002c3609ea95e sp=0x000000d1d50f6ce8 mode 0
Event: 25.280 Thread 0x000002c379b12800 Uncommon trap: trap_request=0xffffff4d fr.pc=0x000002c36852a8e4 relative=0x0000000000000624
Event: 25.280 Thread 0x000002c379b12800 Uncommon trap: reason=unstable_if action=reinterpret pc=0x000002c36852a8e4 method=java.lang.String.replace(CC)Ljava/lang/String; @ 2 c2
Event: 25.280 Thread 0x000002c379b12800 DEOPT PACKING pc=0x000002c36852a8e4 sp=0x000000d1d50f7910
Event: 25.280 Thread 0x000002c379b12800 DEOPT UNPACKING pc=0x000002c3609ea1af sp=0x000000d1d50f78c0 mode 2
Event: 25.329 Thread 0x000002c379b12800 Uncommon trap: trap_request=0xffffff4d fr.pc=0x000002c3684a2018 relative=0x0000000000000ab8
Event: 25.330 Thread 0x000002c379b12800 Uncommon trap: reason=unstable_if action=reinterpret pc=0x000002c3684a2018 method=java.util.zip.ZipFile$Source.getEntryPos([BZ)I @ 68 c2
Event: 25.330 Thread 0x000002c379b12800 DEOPT PACKING pc=0x000002c3684a2018 sp=0x000000d1d50f3420
Event: 25.330 Thread 0x000002c379b12800 DEOPT UNPACKING pc=0x000002c3609ea1af sp=0x000000d1d50f33c0 mode 2
Event: 25.714 Thread 0x000002c379b12800 DEOPT PACKING pc=0x000002c361577096 sp=0x000000d1d50f6a20
Event: 25.714 Thread 0x000002c379b12800 DEOPT UNPACKING pc=0x000002c3609ea95e sp=0x000000d1d50f5f38 mode 0
Event: 26.607 Thread 0x000002c379b12800 Uncommon trap: trap_request=0xffffff4d fr.pc=0x000002c3685cfb64 relative=0x0000000000000904
Event: 26.607 Thread 0x000002c379b12800 Uncommon trap: reason=unstable_if action=reinterpret pc=0x000002c3685cfb64 method=java.util.WeakHashMap.eq(Ljava/lang/Object;Ljava/lang/Object;)Z @ 2 c2
Event: 26.607 Thread 0x000002c379b12800 DEOPT PACKING pc=0x000002c3685cfb64 sp=0x000000d1d50f3610
Event: 26.607 Thread 0x000002c379b12800 DEOPT UNPACKING pc=0x000002c3609ea1af sp=0x000000d1d50f3580 mode 2
Event: 26.962 Thread 0x000002c379b12800 Uncommon trap: trap_request=0xffffffdc fr.pc=0x000002c36881e65c relative=0x000000000000029c
Event: 26.962 Thread 0x000002c379b12800 Uncommon trap: reason=class_check action=make_not_entrant pc=0x000002c36881e65c method=java.util.ArrayList.toArray([Ljava/lang/Object;)[Ljava/lang/Object; @ 21 c2
Event: 26.962 Thread 0x000002c379b12800 DEOPT PACKING pc=0x000002c36881e65c sp=0x000000d1d50f8510
Event: 26.962 Thread 0x000002c379b12800 DEOPT UNPACKING pc=0x000002c3609ea1af sp=0x000000d1d50f84e0 mode 2

Classes redefined (0 events):
No events

Internal exceptions (20 events):
Event: 26.701 Thread 0x000002c379b12800 Exception <a 'java/lang/ClassNotFoundException'{0x00000000879256e0}: com/android/build/gradle/internal/CompileOptions$AgpDecorated_DecoratedBeanInfo> (0x00000000879256e0) thrown at [./src/hotspot/share/classfile/systemDictionary.cpp, line 231]
Event: 26.703 Thread 0x000002c379b12800 Exception <a 'java/lang/ClassNotFoundException'{0x0000000087944760}: com/android/build/gradle/internal/CompileOptions$AgpDecoratedBeanInfo> (0x0000000087944760) thrown at [./src/hotspot/share/classfile/systemDictionary.cpp, line 231]
Event: 26.704 Thread 0x000002c379b12800 Exception <a 'java/lang/ClassNotFoundException'{0x0000000087960ad8}: com/android/build/gradle/internal/CompileOptionsBeanInfo> (0x0000000087960ad8) thrown at [./src/hotspot/share/classfile/systemDictionary.cpp, line 231]
Event: 26.705 Thread 0x000002c379b12800 Exception <a 'java/lang/ClassNotFoundException'{0x000000008797dae8}: com/android/build/gradle/internal/CompileOptionsCustomizer> (0x000000008797dae8) thrown at [./src/hotspot/share/classfile/systemDictionary.cpp, line 231]
Event: 26.710 Thread 0x000002c379b12800 Exception <a 'java/lang/ClassNotFoundException'{0x00000000879a8d70}: com/android/build/gradle/internal/CompileOptions$AgpDecoratedCustomizer> (0x00000000879a8d70) thrown at [./src/hotspot/share/classfile/systemDictionary.cpp, line 231]
Event: 26.712 Thread 0x000002c379b12800 Exception <a 'java/lang/ClassNotFoundException'{0x00000000879d7b68}: com/android/build/gradle/internal/CompileOptions$AgpDecorated_DecoratedCustomizer> (0x00000000879d7b68) thrown at [./src/hotspot/share/classfile/systemDictionary.cpp, line 231]
Event: 26.745 Thread 0x000002c379b12800 Exception <a 'java/lang/ClassNotFoundException'{0x000000008773c9f8}: org/jetbrains/kotlin/gradle/dsl/KotlinJvmOptionsImplBeanInfo> (0x000000008773c9f8) thrown at [./src/hotspot/share/classfile/systemDictionary.cpp, line 231]
Event: 26.746 Thread 0x000002c379b12800 Exception <a 'java/lang/ClassNotFoundException'{0x0000000087759ee8}: org/jetbrains/kotlin/gradle/dsl/KotlinJvmOptionsBaseBeanInfo> (0x0000000087759ee8) thrown at [./src/hotspot/share/classfile/systemDictionary.cpp, line 231]
Event: 26.748 Thread 0x000002c379b12800 Exception <a 'java/lang/ClassNotFoundException'{0x0000000087777598}: org/jetbrains/kotlin/gradle/dsl/KotlinJvmOptionsBaseCustomizer> (0x0000000087777598) thrown at [./src/hotspot/share/classfile/systemDictionary.cpp, line 231]
Event: 26.750 Thread 0x000002c379b12800 Exception <a 'java/lang/ClassNotFoundException'{0x00000000877a5b58}: org/jetbrains/kotlin/gradle/dsl/KotlinJvmOptionsImplCustomizer> (0x00000000877a5b58) thrown at [./src/hotspot/share/classfile/systemDictionary.cpp, line 231]
Event: 26.764 Thread 0x000002c379b12800 Exception <a 'java/lang/ClassNotFoundException'{0x0000000087631d08}: com/android/build/gradle/internal/dsl/ApplicationBuildFeaturesImpl_DecoratedBeanInfo> (0x0000000087631d08) thrown at [./src/hotspot/share/classfile/systemDictionary.cpp, line 231]
Event: 26.765 Thread 0x000002c379b12800 Exception <a 'java/lang/ClassNotFoundException'{0x0000000087651a50}: com/android/build/gradle/internal/dsl/ApplicationBuildFeaturesImplBeanInfo> (0x0000000087651a50) thrown at [./src/hotspot/share/classfile/systemDictionary.cpp, line 231]
Event: 26.766 Thread 0x000002c379b12800 Exception <a 'java/lang/ClassNotFoundException'{0x000000008766f560}: com/android/build/gradle/internal/dsl/BuildFeaturesImplBeanInfo> (0x000000008766f560) thrown at [./src/hotspot/share/classfile/systemDictionary.cpp, line 231]
Event: 26.768 Thread 0x000002c379b12800 Exception <a 'java/lang/ClassNotFoundException'{0x000000008768d308}: com/android/build/gradle/internal/dsl/BuildFeaturesImplCustomizer> (0x000000008768d308) thrown at [./src/hotspot/share/classfile/systemDictionary.cpp, line 231]
Event: 26.769 Thread 0x000002c379b12800 Exception <a 'java/lang/ClassNotFoundException'{0x00000000876b8ae0}: com/android/build/gradle/internal/dsl/ApplicationBuildFeaturesImplCustomizer> (0x00000000876b8ae0) thrown at [./src/hotspot/share/classfile/systemDictionary.cpp, line 231]
Event: 26.771 Thread 0x000002c379b12800 Exception <a 'java/lang/ClassNotFoundException'{0x00000000876e0850}: com/android/build/gradle/internal/dsl/ApplicationBuildFeaturesImpl_DecoratedCustomizer> (0x00000000876e0850) thrown at [./src/hotspot/share/classfile/systemDictionary.cpp, line 231]
Event: 26.779 Thread 0x000002c379b12800 Exception <a 'java/lang/ClassNotFoundException'{0x00000000875802e8}: org/jetbrains/kotlin/gradle/plugin/KaptExtension_DecoratedBeanInfo> (0x00000000875802e8) thrown at [./src/hotspot/share/classfile/systemDictionary.cpp, line 231]
Event: 26.780 Thread 0x000002c379b12800 Exception <a 'java/lang/ClassNotFoundException'{0x000000008759b3c0}: org/jetbrains/kotlin/gradle/plugin/KaptExtensionBeanInfo> (0x000000008759b3c0) thrown at [./src/hotspot/share/classfile/systemDictionary.cpp, line 231]
Event: 26.781 Thread 0x000002c379b12800 Exception <a 'java/lang/ClassNotFoundException'{0x00000000875b6ee8}: org/jetbrains/kotlin/gradle/plugin/KaptExtensionCustomizer> (0x00000000875b6ee8) thrown at [./src/hotspot/share/classfile/systemDictionary.cpp, line 231]
Event: 26.785 Thread 0x000002c379b12800 Exception <a 'java/lang/ClassNotFoundException'{0x00000000875fe5f0}: org/jetbrains/kotlin/gradle/plugin/KaptExtension_DecoratedCustomizer> (0x00000000875fe5f0) thrown at [./src/hotspot/share/classfile/systemDictionary.cpp, line 231]

Events (20 events):
Event: 28.711 loading class com/android/build/gradle/internal/tasks/DexFileDependenciesTask$CreationAction$handleProvider$1
Event: 28.711 loading class com/android/build/gradle/internal/tasks/DexFileDependenciesTask$CreationAction$handleProvider$1 done
Event: 28.712 loading class com/android/build/gradle/internal/tasks/DexMergingTask$CreationAction
Event: 28.712 loading class com/android/build/gradle/internal/tasks/DexMergingTask$CreationAction done
Event: 28.818 loading class com/android/build/gradle/internal/tasks/DexMergingAction
Event: 28.818 loading class com/android/build/gradle/internal/tasks/DexMergingAction done
Event: 28.821 loading class com/android/build/gradle/internal/scope/InternalMultipleArtifactType$DEX
Event: 28.821 loading class com/android/build/gradle/internal/scope/InternalMultipleArtifactType$DEX done
Event: 28.824 loading class com/android/build/gradle/internal/scope/InternalMultipleArtifactType
Event: 28.824 loading class com/android/build/gradle/internal/scope/InternalMultipleArtifactType done
Event: 28.825 loading class com/android/build/gradle/internal/tasks/DexMergingTask$CreationAction$WhenMappings
Event: 28.825 loading class com/android/build/gradle/internal/tasks/DexMergingTask$CreationAction$WhenMappings done
Event: 28.827 loading class com/android/build/gradle/internal/tasks/DexMergingTask
Event: 28.827 loading class com/android/build/gradle/internal/tasks/DexMergingTask done
Event: 28.829 loading class com/android/build/gradle/internal/tasks/DexMergingTask$CreationAction$handleProvider$1
Event: 28.829 loading class com/android/build/gradle/internal/tasks/DexMergingTask$CreationAction$handleProvider$1 done
Event: 28.831 loading class com/android/build/gradle/internal/tasks/StripDebugSymbolsTask
Event: 28.831 loading class com/android/build/gradle/internal/tasks/StripDebugSymbolsTask done
Event: 28.833 loading class com/android/build/gradle/internal/tasks/StripDebugSymbolsTask$CreationAction$handleProvider$1
Event: 28.833 loading class com/android/build/gradle/internal/tasks/StripDebugSymbolsTask$CreationAction$handleProvider$1 done


Dynamic libraries:
0x00007ff715ad0000 - 0x00007ff715ada000 	E:\android\jre\bin\java.exe
0x00007ffd64510000 - 0x00007ffd64708000 	C:\WINDOWS\SYSTEM32\ntdll.dll
0x00007ffd64340000 - 0x00007ffd643fd000 	C:\WINDOWS\System32\KERNEL32.DLL
0x00007ffd62160000 - 0x00007ffd6242e000 	C:\WINDOWS\System32\KERNELBASE.dll
0x00007ffd61eb0000 - 0x00007ffd61fb0000 	C:\WINDOWS\System32\ucrtbase.dll
0x00007ffd54690000 - 0x00007ffd546a7000 	E:\android\jre\bin\VCRUNTIME140.dll
0x00007ffd5fc30000 - 0x00007ffd5fc49000 	E:\android\jre\bin\jli.dll
0x00007ffd63ef0000 - 0x00007ffd64090000 	C:\WINDOWS\System32\USER32.dll
0x00007ffd61ca0000 - 0x00007ffd61cc2000 	C:\WINDOWS\System32\win32u.dll
0x00007ffd63330000 - 0x00007ffd6335a000 	C:\WINDOWS\System32\GDI32.dll
0x00007ffd61da0000 - 0x00007ffd61eab000 	C:\WINDOWS\System32\gdi32full.dll
0x00007ffd61d00000 - 0x00007ffd61d9d000 	C:\WINDOWS\System32\msvcp_win.dll
0x00007ffd4d9c0000 - 0x00007ffd4dc5a000 	C:\WINDOWS\WinSxS\amd64_microsoft.windows.common-controls_6595b64144ccf1df_6.0.19041.1110_none_60b5254171f9507e\COMCTL32.dll
0x00007ffd64090000 - 0x00007ffd6412e000 	C:\WINDOWS\System32\msvcrt.dll
0x00007ffd63d10000 - 0x00007ffd63d40000 	C:\WINDOWS\System32\IMM32.DLL
0x00007ffd4cf50000 - 0x00007ffd4cfed000 	E:\android\jre\bin\msvcp140.dll
0x00007ffd01140000 - 0x00007ffd01c25000 	E:\android\jre\bin\server\jvm.dll
0x00007ffd637f0000 - 0x00007ffd6389e000 	C:\WINDOWS\System32\ADVAPI32.dll
0x00007ffd63280000 - 0x00007ffd6331c000 	C:\WINDOWS\System32\sechost.dll
0x00007ffd62680000 - 0x00007ffd627a5000 	C:\WINDOWS\System32\RPCRT4.dll
0x00007ffd63320000 - 0x00007ffd63328000 	C:\WINDOWS\System32\PSAPI.DLL
0x00007ffd41570000 - 0x00007ffd41579000 	C:\WINDOWS\SYSTEM32\WSOCK32.dll
0x00007ffd633c0000 - 0x00007ffd6342b000 	C:\WINDOWS\System32\WS2_32.dll
0x00007ffd5fc10000 - 0x00007ffd5fc1a000 	C:\WINDOWS\SYSTEM32\VERSION.dll
0x00007ffd58ba0000 - 0x00007ffd58bc7000 	C:\WINDOWS\SYSTEM32\WINMM.dll
0x00007ffd604c0000 - 0x00007ffd604d2000 	C:\WINDOWS\SYSTEM32\kernel.appcore.dll
0x00007ffd5ce00000 - 0x00007ffd5ce11000 	E:\android\jre\bin\verify.dll
0x00007ffd55900000 - 0x00007ffd55ae4000 	C:\WINDOWS\SYSTEM32\DBGHELP.DLL
0x00007ffd558d0000 - 0x00007ffd558fc000 	C:\WINDOWS\SYSTEM32\dbgcore.DLL
0x00007ffd624e0000 - 0x00007ffd62562000 	C:\WINDOWS\System32\bcryptPrimitives.dll
0x00007ffd552c0000 - 0x00007ffd552e9000 	E:\android\jre\bin\java.dll
0x00007ffd5fc90000 - 0x00007ffd5fc9b000 	E:\android\jre\bin\jimage.dll
0x00007ffd5cce0000 - 0x00007ffd5ccf8000 	E:\android\jre\bin\zip.dll
0x00007ffd627b0000 - 0x00007ffd62ef4000 	C:\WINDOWS\System32\SHELL32.dll
0x00007ffd5fd10000 - 0x00007ffd604a4000 	C:\WINDOWS\SYSTEM32\windows.storage.dll
0x00007ffd63490000 - 0x00007ffd637e4000 	C:\WINDOWS\System32\combase.dll
0x00007ffd61620000 - 0x00007ffd61650000 	C:\WINDOWS\SYSTEM32\Wldp.dll
0x00007ffd62570000 - 0x00007ffd6261d000 	C:\WINDOWS\System32\SHCORE.dll
0x00007ffd63430000 - 0x00007ffd63485000 	C:\WINDOWS\System32\shlwapi.dll
0x00007ffd61b70000 - 0x00007ffd61b8f000 	C:\WINDOWS\SYSTEM32\profapi.dll
0x00007ffd5cca0000 - 0x00007ffd5ccba000 	E:\android\jre\bin\net.dll
0x00007ffd542f0000 - 0x00007ffd543fa000 	C:\WINDOWS\SYSTEM32\WINHTTP.dll
0x00007ffd61320000 - 0x00007ffd6138a000 	C:\WINDOWS\system32\mswsock.dll
0x00007ffd5b240000 - 0x00007ffd5b254000 	E:\android\jre\bin\nio.dll
0x00007ffd46350000 - 0x00007ffd46377000 	E:\.gradle\native\e1d6ef7f7dcc3fd88c89a11ec53ec762bb8ba0a96d01ffa2cd45eb1d1d8dd5c5\windows-amd64\native-platform.dll
0x00007ffd48ac0000 - 0x00007ffd48c04000 	E:\.gradle\native\5664cfc778a61ccfe75a443a1ab52a65af34e5dc3c78e0209fed803814484fcb\windows-amd64\native-platform-file-events.dll
0x00007ffd5f4b0000 - 0x00007ffd5f4ba000 	E:\android\jre\bin\management.dll
0x00007ffd5d580000 - 0x00007ffd5d58d000 	E:\android\jre\bin\management_ext.dll
0x00007ffd61510000 - 0x00007ffd61528000 	C:\WINDOWS\SYSTEM32\CRYPTSP.dll
0x00007ffd60ca0000 - 0x00007ffd60cd4000 	C:\WINDOWS\system32\rsaenh.dll
0x00007ffd61cd0000 - 0x00007ffd61cf7000 	C:\WINDOWS\System32\bcrypt.dll
0x00007ffd61b30000 - 0x00007ffd61b5e000 	C:\WINDOWS\SYSTEM32\USERENV.dll
0x00007ffd61530000 - 0x00007ffd6153c000 	C:\WINDOWS\SYSTEM32\CRYPTBASE.dll
0x00007ffd61010000 - 0x00007ffd6104b000 	C:\WINDOWS\SYSTEM32\IPHLPAPI.DLL
0x00007ffd630b0000 - 0x00007ffd630b8000 	C:\WINDOWS\System32\NSI.dll
0x00007ffd59480000 - 0x00007ffd59497000 	C:\WINDOWS\SYSTEM32\dhcpcsvc6.DLL
0x00007ffd5a5e0000 - 0x00007ffd5a5fd000 	C:\WINDOWS\SYSTEM32\dhcpcsvc.DLL
0x00007ffd61050000 - 0x00007ffd6111b000 	C:\WINDOWS\SYSTEM32\DNSAPI.dll

dbghelp: loaded successfully - version: 4.0.5 - missing functions: none
symbol engine: initialized successfully - sym options: 0x614 - pdb path: .;E:\android\jre\bin;C:\WINDOWS\SYSTEM32;C:\WINDOWS\WinSxS\amd64_microsoft.windows.common-controls_6595b64144ccf1df_6.0.19041.1110_none_60b5254171f9507e;E:\android\jre\bin\server;E:\.gradle\native\e1d6ef7f7dcc3fd88c89a11ec53ec762bb8ba0a96d01ffa2cd45eb1d1d8dd5c5\windows-amd64;E:\.gradle\native\5664cfc778a61ccfe75a443a1ab52a65af34e5dc3c78e0209fed803814484fcb\windows-amd64

VM Arguments:
jvm_args: --add-opens=java.base/java.util=ALL-UNNAMED --add-opens=java.base/java.lang=ALL-UNNAMED --add-opens=java.base/java.lang.invoke=ALL-UNNAMED --add-opens=java.base/java.util=ALL-UNNAMED --add-opens=java.prefs/java.util.prefs=ALL-UNNAMED --add-opens=java.prefs/java.util.prefs=ALL-UNNAMED --add-opens=java.base/java.nio.charset=ALL-UNNAMED --add-opens=java.base/java.net=ALL-UNNAMED --add-opens=java.base/java.util.concurrent.atomic=ALL-UNNAMED -Xmx2048m -Dfile.encoding=UTF-8 -Duser.country=RU -Duser.language=ru -Duser.variant 
java_command: org.gradle.launcher.daemon.bootstrap.GradleDaemon 7.3.3
java_class_path (initial): E:\.gradle\wrapper\dists\gradle-7.3.3-bin\6a41zxkdtcxs8rphpq6y0069z\gradle-7.3.3\lib\gradle-launcher-7.3.3.jar
Launcher Type: SUN_STANDARD

[Global flags]
     intx CICompilerCount                          = 4                                         {product} {ergonomic}
     uint ConcGCThreads                            = 2                                         {product} {ergonomic}
     uint G1ConcRefinementThreads                  = 8                                         {product} {ergonomic}
   size_t G1HeapRegionSize                         = 1048576                                   {product} {ergonomic}
    uintx GCDrainStackTargetSize                   = 64                                        {product} {ergonomic}
   size_t InitialHeapSize                          = 100663296                                 {product} {ergonomic}
   size_t MarkStackSize                            = 4194304                                   {product} {ergonomic}
   size_t MaxHeapSize                              = 2147483648                                {product} {command line}
   size_t MaxNewSize                               = 1287651328                                {product} {ergonomic}
   size_t MinHeapDeltaBytes                        = 1048576                                   {product} {ergonomic}
    uintx NonNMethodCodeHeapSize                   = 5836300                                {pd product} {ergonomic}
    uintx NonProfiledCodeHeapSize                  = 122910970                              {pd product} {ergonomic}
    uintx ProfiledCodeHeapSize                     = 122910970                              {pd product} {ergonomic}
    uintx ReservedCodeCacheSize                    = 251658240                              {pd product} {ergonomic}
     bool SegmentedCodeCache                       = true                                      {product} {ergonomic}
     bool UseCompressedClassPointers               = true                                 {lp64_product} {ergonomic}
     bool UseCompressedOops                        = true                                 {lp64_product} {ergonomic}
     bool UseG1GC                                  = true                                      {product} {ergonomic}
     bool UseLargePagesIndividualAllocation        = false                                  {pd product} {ergonomic}

Logging:
Log output configuration:
 #0: stdout all=warning uptime,level,tags
 #1: stderr all=off uptime,level,tags

Environment Variables:
PATH=C:\WINDOWS\system32;C:\WINDOWS;C:\WINDOWS\System32\Wbem;C:\WINDOWS\System32\WindowsPowerShell\v1.0\;C:\WINDOWS\System32\OpenSSH\;E:\mingw\bin;C:\Program Files\Git\cmd;C:\Users\Enter\AppData\Local\Microsoft\WindowsApps;E:\java\IntelliJ IDEA Community Edition 2021.2.3\bin;
USERNAME=Enter
OS=Windows_NT
PROCESSOR_IDENTIFIER=AMD64 Family 23 Model 24 Stepping 1, AuthenticAMD



---------------  S Y S T E M  ---------------

OS: Windows 10 , 64 bit Build 19041 (10.0.19041.1806)
OS uptime: 0 days 19:33 hours

CPU:total 8 (initial active 8) (8 cores per cpu, 2 threads per core) family 23 model 24 stepping 1 microcode 0x0, cmov, cx8, fxsr, mmx, sse, sse2, sse3, ssse3, sse4.1, sse4.2, popcnt, avx, avx2, aes, clmul, mmxext, 3dnowpref, lzcnt, sse4a, ht, tsc, tscinvbit, tscinv, bmi1, bmi2, adx, sha, fma

Memory: 4k page, system-wide physical 6088M (305M free)
TotalPageFile size 16328M (AvailPageFile size 4M)
current process WorkingSet (physical memory assigned to process): 273M, peak: 324M
current process commit charge ("private bytes"): 420M, peak: 422M

vm_info: OpenJDK 64-Bit Server VM (11.0.12+7-b1504.28-7817840) for windows-amd64 JRE (11.0.12+7-b1504.28-7817840), built on Oct 13 2021 22:12:33 by "builder" with MS VC++ 14.0 (VS2015)

END.
