#
# There is insufficient memory for the Java Runtime Environment to continue.
# Native memory allocation (malloc) failed to allocate 928656 bytes for Chunk::new
# Possible reasons:
#   The system is out of physical RAM or swap space
#   The process is running with CompressedOops enabled, and the Java Heap may be blocking the growth of the native heap
# Possible solutions:
#   Reduce memory load on the system
#   Increase physical memory or swap space
#   Check if swap backing store is full
#   Decrease Java heap size (-Xmx/-Xms)
#   Decrease number of Java threads
#   Decrease Java thread stack sizes (-Xss)
#   Set larger code cache with -XX:ReservedCodeCacheSize=
#   JVM is running with Unscaled Compressed Oops mode in which the Java heap is
#     placed in the first 4GB address space. The Java Heap base address is the
#     maximum limit for the native heap growth. Please use -XX:HeapBaseMinAddress
#     to set the Java Heap base and to place the Java Heap above 4GB virtual address.
# This output file may be truncated or incomplete.
#
#  Out of Memory Error (./src/hotspot/share/memory/arena.cpp:197), pid=20460, tid=19792
#
# JRE version: OpenJDK Runtime Environment (11.0.12+7) (build 11.0.12+7-b1504.28-7817840)
# Java VM: OpenJDK 64-Bit Server VM (11.0.12+7-b1504.28-7817840, mixed mode, tiered, compressed oops, g1 gc, windows-amd64)
# No core dump will be written. Minidumps are not enabled by default on client versions of Windows
#

---------------  S U M M A R Y ------------

Command Line: --add-opens=java.base/java.util=ALL-UNNAMED --add-opens=java.base/java.lang=ALL-UNNAMED --add-opens=java.base/java.lang.invoke=ALL-UNNAMED --add-opens=java.base/java.util=ALL-UNNAMED --add-opens=java.prefs/java.util.prefs=ALL-UNNAMED --add-opens=java.prefs/java.util.prefs=ALL-UNNAMED --add-opens=java.base/java.nio.charset=ALL-UNNAMED --add-opens=java.base/java.net=ALL-UNNAMED --add-opens=java.base/java.util.concurrent.atomic=ALL-UNNAMED -Xmx2048m -Dfile.encoding=UTF-8 -Duser.country=RU -Duser.language=ru -Duser.variant org.gradle.launcher.daemon.bootstrap.GradleDaemon 7.3.3

Host: AMD Ryzen 5 3500U with Radeon Vega Mobile Gfx  , 8 cores, 5G,  Windows 10 , 64 bit Build 19041 (10.0.19041.1806)
Time: Fri Aug 19 11:10:36 2022 Восточная Европа (лето) elapsed time: 26.940897 seconds (0d 0h 0m 26s)

---------------  T H R E A D  ---------------

Current thread (0x00000261a330c000):  JavaThread "C2 CompilerThread0" daemon [_thread_in_native, id=19792, stack(0x000000e519f00000,0x000000e51a000000)]


Current CompileTask:
C2:  26941 7631       4       org.gradle.internal.reflect.MethodSet::add (50 bytes)

Stack: [0x000000e519f00000,0x000000e51a000000]
Native frames: (J=compiled Java code, j=interpreted, Vv=VM code, C=native code)
V  [jvm.dll+0x5fbcea]
V  [jvm.dll+0x731905]
V  [jvm.dll+0x732f1d]
V  [jvm.dll+0x7335d3]
V  [jvm.dll+0x247bf8]
V  [jvm.dll+0xc018c]
V  [jvm.dll+0xc06cc]
V  [jvm.dll+0x35b2db]
V  [jvm.dll+0x328803]
V  [jvm.dll+0x327cfa]
V  [jvm.dll+0x200602]
V  [jvm.dll+0x1ff794]
V  [jvm.dll+0x18868c]
V  [jvm.dll+0x20e0d7]
V  [jvm.dll+0x20c901]
V  [jvm.dll+0x6f9b7f]
V  [jvm.dll+0x6f26a5]
V  [jvm.dll+0x5fabf6]
C  [ucrtbase.dll+0x21bb2]
C  [KERNEL32.DLL+0x17034]
C  [ntdll.dll+0x52651]


---------------  P R O C E S S  ---------------

Threads class SMR info:
_java_thread_list=0x00000261aa57c880, length=123, elements={
0x00000261886a8000, 0x00000261a32e3800, 0x00000261a32e7000, 0x00000261a3305000,
0x00000261a3306000, 0x00000261a3309000, 0x00000261a330c000, 0x00000261a330f000,
0x00000261a3312800, 0x00000261a3dca800, 0x00000261a4ec9800, 0x00000261a5f84800,
0x00000261a52a6000, 0x00000261a5681800, 0x00000261a5682000, 0x00000261a5cbb000,
0x00000261a5c79800, 0x00000261a5c7a800, 0x00000261a5d7d000, 0x00000261a5d7e000,
0x00000261a5d80800, 0x00000261a5d81000, 0x00000261a5d83800, 0x00000261a5d7e800,
0x00000261a5d7f800, 0x00000261a5d82000, 0x00000261a5d83000, 0x00000261a6679800,
0x00000261a667a800, 0x00000261a6676800, 0x00000261a667c000, 0x00000261a6677800,
0x00000261a667e000, 0x00000261a6678000, 0x00000261a667e800, 0x00000261a667b800,
0x00000261a667d000, 0x00000261a6679000, 0x00000261a6685000, 0x00000261a6683800,
0x00000261a6681000, 0x00000261a6682800, 0x00000261a6680000, 0x00000261a8a0f000,
0x00000261a8a0a000, 0x00000261a8a0e800, 0x00000261a8a10800, 0x00000261a8a0d800,
0x00000261a8a0c000, 0x00000261a8a10000, 0x00000261a8a0b000, 0x00000261a8a0c800,
0x00000261a8a13000, 0x00000261a8a14000, 0x00000261a8a16800, 0x00000261a8a15000,
0x00000261a8a12800, 0x00000261a8a15800, 0x00000261a8a11800, 0x00000261a8a19000,
0x00000261a8a17000, 0x00000261a8a18000, 0x00000261a695f800, 0x00000261a6961000,
0x00000261a6962000, 0x00000261a6962800, 0x00000261a695e800, 0x00000261a6964800,
0x00000261a6965000, 0x00000261a6963800, 0x00000261a6966000, 0x00000261a6960000,
0x00000261a6968800, 0x00000261a696a000, 0x00000261a6969000, 0x00000261a696b000,
0x00000261a696b800, 0x00000261a696c800, 0x00000261a6967000, 0x00000261a696d800,
0x00000261a6967800, 0x00000261a7e9d000, 0x00000261a7e9f000, 0x00000261a7e9f800,
0x00000261a7e9e000, 0x00000261a7e9a000, 0x00000261a7ea0800, 0x00000261a7e9b000,
0x00000261a7ea1800, 0x00000261a7e9b800, 0x00000261a7ea2000, 0x00000261a7e9c800,
0x00000261a7ea8000, 0x00000261a7ea3000, 0x00000261a7ea6000, 0x00000261a7ea4000,
0x00000261a7ea8800, 0x00000261a7ea4800, 0x00000261a7ea5800, 0x00000261a7ea7000,
0x00000261a88b6000, 0x00000261a88b3000, 0x00000261a88b7800, 0x00000261a88b7000,
0x00000261a88b3800, 0x00000261a88b8800, 0x00000261a88b9800, 0x00000261a88ba000,
0x00000261a88b4800, 0x00000261a88bb000, 0x00000261a88b5800, 0x00000261a88bf000,
0x00000261a88bc800, 0x00000261a88c0000, 0x00000261a88c1800, 0x00000261a88c0800,
0x00000261a88bc000, 0x00000261a88bd800, 0x00000261a88be800, 0x00000261a82ee000,
0x00000261a82ee800, 0x00000261a82ef800, 0x00000261a82f1000
}

Java Threads: ( => current thread )
  0x00000261886a8000 JavaThread "main" [_thread_blocked, id=6048, stack(0x000000e519300000,0x000000e519400000)]
  0x00000261a32e3800 JavaThread "Reference Handler" daemon [_thread_blocked, id=17376, stack(0x000000e519a00000,0x000000e519b00000)]
  0x00000261a32e7000 JavaThread "Finalizer" daemon [_thread_blocked, id=13724, stack(0x000000e519b00000,0x000000e519c00000)]
  0x00000261a3305000 JavaThread "Signal Dispatcher" daemon [_thread_blocked, id=18108, stack(0x000000e519c00000,0x000000e519d00000)]
  0x00000261a3306000 JavaThread "Attach Listener" daemon [_thread_blocked, id=13464, stack(0x000000e519d00000,0x000000e519e00000)]
  0x00000261a3309000 JavaThread "Service Thread" daemon [_thread_blocked, id=8560, stack(0x000000e519e00000,0x000000e519f00000)]
=>0x00000261a330c000 JavaThread "C2 CompilerThread0" daemon [_thread_in_native, id=19792, stack(0x000000e519f00000,0x000000e51a000000)]
  0x00000261a330f000 JavaThread "C1 CompilerThread0" daemon [_thread_blocked, id=10504, stack(0x000000e51a000000,0x000000e51a100000)]
  0x00000261a3312800 JavaThread "Sweeper thread" daemon [_thread_blocked, id=14216, stack(0x000000e51a100000,0x000000e51a200000)]
  0x00000261a3dca800 JavaThread "Common-Cleaner" daemon [_thread_blocked, id=6484, stack(0x000000e51a200000,0x000000e51a300000)]
  0x00000261a4ec9800 JavaThread "Daemon health stats" [_thread_blocked, id=12876, stack(0x000000e51a500000,0x000000e51a600000)]
  0x00000261a5f84800 JavaThread "Incoming local TCP Connector on port 58197" [_thread_in_native, id=19472, stack(0x000000e51a800000,0x000000e51a900000)]
  0x00000261a52a6000 JavaThread "Daemon periodic checks" [_thread_blocked, id=6912, stack(0x000000e51a900000,0x000000e51aa00000)]
  0x00000261a5681800 JavaThread "Daemon" [_thread_blocked, id=7380, stack(0x000000e51aa00000,0x000000e51ab00000)]
  0x00000261a5682000 JavaThread "Handler for socket connection from /127.0.0.1:58197 to /127.0.0.1:58198" [_thread_in_native, id=7924, stack(0x000000e51ab00000,0x000000e51ac00000)]
  0x00000261a5cbb000 JavaThread "Cancel handler" [_thread_blocked, id=4496, stack(0x000000e51ac00000,0x000000e51ad00000)]
  0x00000261a5c79800 JavaThread "Daemon worker" [_thread_in_Java, id=16180, stack(0x000000e51ad00000,0x000000e51ae00000)]
  0x00000261a5c7a800 JavaThread "Asynchronous log dispatcher for DefaultDaemonConnection: socket connection from /127.0.0.1:58197 to /127.0.0.1:58198" [_thread_blocked, id=17276, stack(0x000000e51ae00000,0x000000e51af00000)]
  0x00000261a5d7d000 JavaThread "Stdin handler" [_thread_blocked, id=15216, stack(0x000000e51af00000,0x000000e51b000000)]
  0x00000261a5d7e000 JavaThread "Daemon client event forwarder" [_thread_blocked, id=5180, stack(0x000000e51b000000,0x000000e51b100000)]
  0x00000261a5d80800 JavaThread "Cache worker for journal cache (E:\.gradle\caches\journal-1)" [_thread_blocked, id=2340, stack(0x000000e51b100000,0x000000e51b200000)]
  0x00000261a5d81000 JavaThread "File lock request listener" [_thread_in_native, id=17696, stack(0x000000e51b200000,0x000000e51b300000)]
  0x00000261a5d83800 JavaThread "Cache worker for file hash cache (E:\.gradle\caches\7.3.3\fileHashes)" [_thread_blocked, id=13732, stack(0x000000e51b800000,0x000000e51b900000)]
  0x00000261a5d7e800 JavaThread "File lock release action executor" [_thread_blocked, id=15488, stack(0x000000e51b900000,0x000000e51ba00000)]
  0x00000261a5d7f800 JavaThread "Cache worker for file hash cache (E:\KotlinAndroid\MilestoneEBS5\.gradle\7.3.3\fileHashes)" [_thread_blocked, id=17972, stack(0x000000e51ba00000,0x000000e51bb00000)]
  0x00000261a5d82000 JavaThread "File watcher server" daemon [_thread_in_native, id=1300, stack(0x000000e51bb00000,0x000000e51bc00000)]
  0x00000261a5d83000 JavaThread "File watcher consumer" daemon [_thread_blocked, id=4072, stack(0x000000e51bc00000,0x000000e51bd00000)]
  0x00000261a6679800 JavaThread "jar transforms" [_thread_blocked, id=6876, stack(0x000000e51bd00000,0x000000e51be00000)]
  0x00000261a667a800 JavaThread "jar transforms Thread 2" [_thread_blocked, id=7244, stack(0x000000e51be00000,0x000000e51bf00000)]
  0x00000261a6676800 JavaThread "jar transforms Thread 3" [_thread_blocked, id=12796, stack(0x000000e51bf00000,0x000000e51c000000)]
  0x00000261a667c000 JavaThread "jar transforms Thread 4" [_thread_blocked, id=2600, stack(0x000000e51c000000,0x000000e51c100000)]
  0x00000261a6677800 JavaThread "jar transforms Thread 5" [_thread_blocked, id=17240, stack(0x000000e51c100000,0x000000e51c200000)]
  0x00000261a667e000 JavaThread "jar transforms Thread 6" [_thread_blocked, id=17116, stack(0x000000e51c200000,0x000000e51c300000)]
  0x00000261a6678000 JavaThread "jar transforms Thread 7" [_thread_blocked, id=17284, stack(0x000000e51c300000,0x000000e51c400000)]
  0x00000261a667e800 JavaThread "jar transforms Thread 8" [_thread_blocked, id=9440, stack(0x000000e51c400000,0x000000e51c500000)]
  0x00000261a667b800 JavaThread "Cache worker for checksums cache (E:\KotlinAndroid\MilestoneEBS5\.gradle\7.3.3\checksums)" [_thread_blocked, id=13940, stack(0x000000e51c500000,0x000000e51c600000)]
  0x00000261a667d000 JavaThread "Cache worker for cache directory md-supplier (E:\.gradle\caches\7.3.3\md-supplier)" [_thread_blocked, id=5056, stack(0x000000e51c600000,0x000000e51c700000)]
  0x00000261a6679000 JavaThread "Cache worker for cache directory md-rule (E:\.gradle\caches\7.3.3\md-rule)" [_thread_blocked, id=15440, stack(0x000000e51c700000,0x000000e51c800000)]
  0x00000261a6685000 JavaThread "Cache worker for execution history cache (E:\.gradle\caches\7.3.3\executionHistory)" [_thread_blocked, id=13424, stack(0x000000e51c800000,0x000000e51c900000)]
  0x00000261a6683800 JavaThread "Cache worker for file content cache (E:\.gradle\caches\7.3.3\fileContent)" [_thread_blocked, id=11292, stack(0x000000e51c900000,0x000000e51ca00000)]
  0x00000261a6681000 JavaThread "Cache worker for dependencies-accessors (E:\KotlinAndroid\MilestoneEBS5\.gradle\7.3.3\dependencies-accessors)" [_thread_blocked, id=10580, stack(0x000000e51ca00000,0x000000e51cb00000)]
  0x00000261a6682800 JavaThread "Cache worker for Build Output Cleanup Cache (E:\KotlinAndroid\MilestoneEBS5\.gradle\buildOutputCleanup)" [_thread_blocked, id=14116, stack(0x000000e51cb00000,0x000000e51cc00000)]
  0x00000261a6680000 JavaThread "Unconstrained build operations" [_thread_blocked, id=7504, stack(0x000000e51cc00000,0x000000e51cd00000)]
  0x00000261a8a0f000 JavaThread "Unconstrained build operations Thread 2" [_thread_blocked, id=13848, stack(0x000000e51cd00000,0x000000e51ce00000)]
  0x00000261a8a0a000 JavaThread "Unconstrained build operations Thread 3" [_thread_blocked, id=14552, stack(0x000000e51ce00000,0x000000e51cf00000)]
  0x00000261a8a0e800 JavaThread "Unconstrained build operations Thread 4" [_thread_blocked, id=14256, stack(0x000000e51cf00000,0x000000e51d000000)]
  0x00000261a8a10800 JavaThread "Unconstrained build operations Thread 5" [_thread_blocked, id=19380, stack(0x000000e51d000000,0x000000e51d100000)]
  0x00000261a8a0d800 JavaThread "Unconstrained build operations Thread 6" [_thread_blocked, id=10628, stack(0x000000e51d100000,0x000000e51d200000)]
  0x00000261a8a0c000 JavaThread "Unconstrained build operations Thread 7" [_thread_blocked, id=18420, stack(0x000000e51d200000,0x000000e51d300000)]
  0x00000261a8a10000 JavaThread "Unconstrained build operations Thread 8" [_thread_blocked, id=9828, stack(0x000000e51d300000,0x000000e51d400000)]
  0x00000261a8a0b000 JavaThread "Unconstrained build operations Thread 9" [_thread_blocked, id=19768, stack(0x000000e51d400000,0x000000e51d500000)]
  0x00000261a8a0c800 JavaThread "Unconstrained build operations Thread 10" [_thread_blocked, id=564, stack(0x000000e51d500000,0x000000e51d600000)]
  0x00000261a8a13000 JavaThread "Unconstrained build operations Thread 11" [_thread_blocked, id=3428, stack(0x000000e51d600000,0x000000e51d700000)]
  0x00000261a8a14000 JavaThread "Unconstrained build operations Thread 12" [_thread_blocked, id=19060, stack(0x000000e51d700000,0x000000e51d800000)]
  0x00000261a8a16800 JavaThread "Unconstrained build operations Thread 13" [_thread_blocked, id=1716, stack(0x000000e51d800000,0x000000e51d900000)]
  0x00000261a8a15000 JavaThread "Unconstrained build operations Thread 14" [_thread_blocked, id=436, stack(0x000000e51d900000,0x000000e51da00000)]
  0x00000261a8a12800 JavaThread "Unconstrained build operations Thread 15" [_thread_blocked, id=17560, stack(0x000000e51da00000,0x000000e51db00000)]
  0x00000261a8a15800 JavaThread "Unconstrained build operations Thread 16" [_thread_blocked, id=2700, stack(0x000000e51db00000,0x000000e51dc00000)]
  0x00000261a8a11800 JavaThread "Unconstrained build operations Thread 17" [_thread_blocked, id=19944, stack(0x000000e51dc00000,0x000000e51dd00000)]
  0x00000261a8a19000 JavaThread "Unconstrained build operations Thread 18" [_thread_blocked, id=5064, stack(0x000000e51dd00000,0x000000e51de00000)]
  0x00000261a8a17000 JavaThread "Unconstrained build operations Thread 19" [_thread_blocked, id=7684, stack(0x000000e51de00000,0x000000e51df00000)]
  0x00000261a8a18000 JavaThread "Unconstrained build operations Thread 20" [_thread_blocked, id=6544, stack(0x000000e51df00000,0x000000e51e000000)]
  0x00000261a695f800 JavaThread "Unconstrained build operations Thread 21" [_thread_blocked, id=13496, stack(0x000000e51e000000,0x000000e51e100000)]
  0x00000261a6961000 JavaThread "Unconstrained build operations Thread 22" [_thread_blocked, id=10072, stack(0x000000e51e100000,0x000000e51e200000)]
  0x00000261a6962000 JavaThread "Unconstrained build operations Thread 23" [_thread_blocked, id=11020, stack(0x000000e51e200000,0x000000e51e300000)]
  0x00000261a6962800 JavaThread "Unconstrained build operations Thread 24" [_thread_blocked, id=17924, stack(0x000000e51e300000,0x000000e51e400000)]
  0x00000261a695e800 JavaThread "Unconstrained build operations Thread 25" [_thread_blocked, id=5996, stack(0x000000e51e400000,0x000000e51e500000)]
  0x00000261a6964800 JavaThread "Unconstrained build operations Thread 26" [_thread_blocked, id=18840, stack(0x000000e51e500000,0x000000e51e600000)]
  0x00000261a6965000 JavaThread "Unconstrained build operations Thread 27" [_thread_blocked, id=11716, stack(0x000000e51e600000,0x000000e51e700000)]
  0x00000261a6963800 JavaThread "Unconstrained build operations Thread 28" [_thread_blocked, id=18724, stack(0x000000e51e700000,0x000000e51e800000)]
  0x00000261a6966000 JavaThread "Unconstrained build operations Thread 29" [_thread_blocked, id=13592, stack(0x000000e51e800000,0x000000e51e900000)]
  0x00000261a6960000 JavaThread "Unconstrained build operations Thread 30" [_thread_blocked, id=2704, stack(0x000000e51e900000,0x000000e51ea00000)]
  0x00000261a6968800 JavaThread "Unconstrained build operations Thread 31" [_thread_blocked, id=8000, stack(0x000000e51ea00000,0x000000e51eb00000)]
  0x00000261a696a000 JavaThread "Unconstrained build operations Thread 32" [_thread_blocked, id=9692, stack(0x000000e51eb00000,0x000000e51ec00000)]
  0x00000261a6969000 JavaThread "Unconstrained build operations Thread 33" [_thread_blocked, id=20040, stack(0x000000e51ec00000,0x000000e51ed00000)]
  0x00000261a696b000 JavaThread "Unconstrained build operations Thread 34" [_thread_blocked, id=16688, stack(0x000000e51ed00000,0x000000e51ee00000)]
  0x00000261a696b800 JavaThread "Unconstrained build operations Thread 35" [_thread_blocked, id=19984, stack(0x000000e51ee00000,0x000000e51ef00000)]
  0x00000261a696c800 JavaThread "Unconstrained build operations Thread 36" [_thread_blocked, id=10920, stack(0x000000e51ef00000,0x000000e51f000000)]
  0x00000261a6967000 JavaThread "Unconstrained build operations Thread 37" [_thread_blocked, id=15820, stack(0x000000e51f000000,0x000000e51f100000)]
  0x00000261a696d800 JavaThread "Unconstrained build operations Thread 38" [_thread_blocked, id=17732, stack(0x000000e51f100000,0x000000e51f200000)]
  0x00000261a6967800 JavaThread "Unconstrained build operations Thread 39" [_thread_blocked, id=3008, stack(0x000000e51f200000,0x000000e51f300000)]
  0x00000261a7e9d000 JavaThread "Unconstrained build operations Thread 40" [_thread_blocked, id=15040, stack(0x000000e51f300000,0x000000e51f400000)]
  0x00000261a7e9f000 JavaThread "Unconstrained build operations Thread 41" [_thread_blocked, id=1396, stack(0x000000e51f400000,0x000000e51f500000)]
  0x00000261a7e9f800 JavaThread "Unconstrained build operations Thread 42" [_thread_blocked, id=13828, stack(0x000000e51f500000,0x000000e51f600000)]
  0x00000261a7e9e000 JavaThread "Unconstrained build operations Thread 43" [_thread_blocked, id=15828, stack(0x000000e51f600000,0x000000e51f700000)]
  0x00000261a7e9a000 JavaThread "Unconstrained build operations Thread 44" [_thread_blocked, id=4380, stack(0x000000e51f700000,0x000000e51f800000)]
  0x00000261a7ea0800 JavaThread "Unconstrained build operations Thread 45" [_thread_blocked, id=2296, stack(0x000000e51f800000,0x000000e51f900000)]
  0x00000261a7e9b000 JavaThread "Unconstrained build operations Thread 46" [_thread_blocked, id=17936, stack(0x000000e51f900000,0x000000e51fa00000)]
  0x00000261a7ea1800 JavaThread "Unconstrained build operations Thread 47" [_thread_blocked, id=10016, stack(0x000000e51fa00000,0x000000e51fb00000)]
  0x00000261a7e9b800 JavaThread "Unconstrained build operations Thread 48" [_thread_blocked, id=15696, stack(0x000000e51fb00000,0x000000e51fc00000)]
  0x00000261a7ea2000 JavaThread "Unconstrained build operations Thread 49" [_thread_blocked, id=10840, stack(0x000000e51fc00000,0x000000e51fd00000)]
  0x00000261a7e9c800 JavaThread "Unconstrained build operations Thread 50" [_thread_blocked, id=8044, stack(0x000000e51fd00000,0x000000e51fe00000)]
  0x00000261a7ea8000 JavaThread "Unconstrained build operations Thread 51" [_thread_blocked, id=7952, stack(0x000000e51fe00000,0x000000e51ff00000)]
  0x00000261a7ea3000 JavaThread "Unconstrained build operations Thread 52" [_thread_blocked, id=15068, stack(0x000000e51ff00000,0x000000e520000000)]
  0x00000261a7ea6000 JavaThread "Unconstrained build operations Thread 53" [_thread_blocked, id=8832, stack(0x000000e520000000,0x000000e520100000)]
  0x00000261a7ea4000 JavaThread "Unconstrained build operations Thread 54" [_thread_blocked, id=1564, stack(0x000000e520100000,0x000000e520200000)]
  0x00000261a7ea8800 JavaThread "Unconstrained build operations Thread 55" [_thread_blocked, id=1452, stack(0x000000e520200000,0x000000e520300000)]
  0x00000261a7ea4800 JavaThread "Unconstrained build operations Thread 56" [_thread_blocked, id=1584, stack(0x000000e520300000,0x000000e520400000)]
  0x00000261a7ea5800 JavaThread "Unconstrained build operations Thread 57" [_thread_blocked, id=8820, stack(0x000000e520400000,0x000000e520500000)]
  0x00000261a7ea7000 JavaThread "Unconstrained build operations Thread 58" [_thread_blocked, id=19420, stack(0x000000e520500000,0x000000e520600000)]
  0x00000261a88b6000 JavaThread "Unconstrained build operations Thread 59" [_thread_blocked, id=15176, stack(0x000000e520600000,0x000000e520700000)]
  0x00000261a88b3000 JavaThread "Unconstrained build operations Thread 60" [_thread_blocked, id=15916, stack(0x000000e520700000,0x000000e520800000)]
  0x00000261a88b7800 JavaThread "Unconstrained build operations Thread 61" [_thread_blocked, id=6520, stack(0x000000e520800000,0x000000e520900000)]
  0x00000261a88b7000 JavaThread "Unconstrained build operations Thread 62" [_thread_blocked, id=10032, stack(0x000000e520900000,0x000000e520a00000)]
  0x00000261a88b3800 JavaThread "Unconstrained build operations Thread 63" [_thread_blocked, id=17676, stack(0x000000e520a00000,0x000000e520b00000)]
  0x00000261a88b8800 JavaThread "Unconstrained build operations Thread 64" [_thread_blocked, id=16076, stack(0x000000e520b00000,0x000000e520c00000)]
  0x00000261a88b9800 JavaThread "Unconstrained build operations Thread 65" [_thread_blocked, id=20412, stack(0x000000e520c00000,0x000000e520d00000)]
  0x00000261a88ba000 JavaThread "Unconstrained build operations Thread 66" [_thread_blocked, id=17064, stack(0x000000e520d00000,0x000000e520e00000)]
  0x00000261a88b4800 JavaThread "Unconstrained build operations Thread 67" [_thread_blocked, id=6204, stack(0x000000e520e00000,0x000000e520f00000)]
  0x00000261a88bb000 JavaThread "Unconstrained build operations Thread 68" [_thread_blocked, id=10596, stack(0x000000e520f00000,0x000000e521000000)]
  0x00000261a88b5800 JavaThread "Unconstrained build operations Thread 69" [_thread_blocked, id=6104, stack(0x000000e521000000,0x000000e521100000)]
  0x00000261a88bf000 JavaThread "Unconstrained build operations Thread 70" [_thread_blocked, id=6724, stack(0x000000e521100000,0x000000e521200000)]
  0x00000261a88bc800 JavaThread "Unconstrained build operations Thread 71" [_thread_blocked, id=10608, stack(0x000000e521200000,0x000000e521300000)]
  0x00000261a88c0000 JavaThread "Unconstrained build operations Thread 72" [_thread_blocked, id=9092, stack(0x000000e521300000,0x000000e521400000)]
  0x00000261a88c1800 JavaThread "Unconstrained build operations Thread 73" [_thread_blocked, id=9904, stack(0x000000e521400000,0x000000e521500000)]
  0x00000261a88c0800 JavaThread "Unconstrained build operations Thread 74" [_thread_blocked, id=19748, stack(0x000000e521500000,0x000000e521600000)]
  0x00000261a88bc000 JavaThread "Unconstrained build operations Thread 75" [_thread_blocked, id=828, stack(0x000000e521600000,0x000000e521700000)]
  0x00000261a88bd800 JavaThread "Unconstrained build operations Thread 76" [_thread_blocked, id=11160, stack(0x000000e521700000,0x000000e521800000)]
  0x00000261a88be800 JavaThread "Unconstrained build operations Thread 77" [_thread_blocked, id=10220, stack(0x000000e521800000,0x000000e521900000)]
  0x00000261a82ee000 JavaThread "Unconstrained build operations Thread 78" [_thread_blocked, id=10824, stack(0x000000e521900000,0x000000e521a00000)]
  0x00000261a82ee800 JavaThread "Unconstrained build operations Thread 79" [_thread_blocked, id=17784, stack(0x000000e521a00000,0x000000e521b00000)]
  0x00000261a82ef800 JavaThread "Unconstrained build operations Thread 80" [_thread_blocked, id=6776, stack(0x000000e521b00000,0x000000e521c00000)]
  0x00000261a82f1000 JavaThread "Memory manager" [_thread_blocked, id=12464, stack(0x000000e521c00000,0x000000e521d00000)]

Other Threads:
  0x00000261a32e1000 VMThread "VM Thread" [stack: 0x000000e519900000,0x000000e519a00000] [id=11644]
  0x00000261a3ddb800 WatcherThread [stack: 0x000000e51a300000,0x000000e51a400000] [id=20168]
  0x00000261886c3800 GCTaskThread "GC Thread#0" [stack: 0x000000e519400000,0x000000e519500000] [id=17536]
  0x00000261a460a000 GCTaskThread "GC Thread#1" [stack: 0x000000e51a400000,0x000000e51a500000] [id=8264]
  0x00000261a568c000 GCTaskThread "GC Thread#2" [stack: 0x000000e51a600000,0x000000e51a700000] [id=4748]
  0x00000261a5d7c800 GCTaskThread "GC Thread#3" [stack: 0x000000e51a700000,0x000000e51a800000] [id=9116]
  0x00000261a6211000 GCTaskThread "GC Thread#4" [stack: 0x000000e51b300000,0x000000e51b400000] [id=9292]
  0x00000261a6211800 GCTaskThread "GC Thread#5" [stack: 0x000000e51b400000,0x000000e51b500000] [id=6644]
  0x00000261a623e000 GCTaskThread "GC Thread#6" [stack: 0x000000e51b500000,0x000000e51b600000] [id=1232]
  0x00000261a623f000 GCTaskThread "GC Thread#7" [stack: 0x000000e51b600000,0x000000e51b700000] [id=5420]
  0x00000261886f4000 ConcurrentGCThread "G1 Main Marker" [stack: 0x000000e519500000,0x000000e519600000] [id=1352]
  0x00000261886f5800 ConcurrentGCThread "G1 Conc#0" [stack: 0x000000e519600000,0x000000e519700000] [id=4880]
  0x00000261a61e9800 ConcurrentGCThread "G1 Conc#1" [stack: 0x000000e51b700000,0x000000e51b800000] [id=18596]
  0x000002618877a000 ConcurrentGCThread "G1 Refine#0" [stack: 0x000000e519700000,0x000000e519800000] [id=10252]
  0x000002618877b000 ConcurrentGCThread "G1 Young RemSet Sampling" [stack: 0x000000e519800000,0x000000e519900000] [id=6444]

Threads with active compile tasks:
C2 CompilerThread0  27042 7631       4       org.gradle.internal.reflect.MethodSet::add (50 bytes)

VM state:not at safepoint (normal execution)

VM Mutex/Monitor currently owned by a thread: None

Heap address: 0x0000000080000000, size: 2048 MB, Compressed Oops mode: 32-bit
Narrow klass base: 0x0000000000000000, Narrow klass shift: 3
Compressed class space size: 1073741824 Address: 0x0000000100000000

Heap:
 garbage-first heap   total 143360K, used 98267K [0x0000000080000000, 0x0000000100000000)
  region size 1024K, 4 young (4096K), 2 survivors (2048K)
 Metaspace       used 74841K, capacity 76838K, committed 77056K, reserved 1116160K
  class space    used 9522K, capacity 10220K, committed 10240K, reserved 1048576K
Heap Regions: E=young(eden), S=young(survivor), O=old, HS=humongous(starts), HC=humongous(continues), CS=collection set, F=free, A=archive, TAMS=top-at-mark-start (previous, next)
|   0|0x0000000080000000, 0x0000000080100000, 0x0000000080100000|100%| O|  |TAMS 0x0000000080100000, 0x0000000080000000| Untracked 
|   1|0x0000000080100000, 0x0000000080200000, 0x0000000080200000|100%| O|  |TAMS 0x0000000080200000, 0x0000000080100000| Untracked 
|   2|0x0000000080200000, 0x0000000080300000, 0x0000000080300000|100%| O|  |TAMS 0x0000000080300000, 0x0000000080200000| Untracked 
|   3|0x0000000080300000, 0x0000000080400000, 0x0000000080400000|100%|HS|  |TAMS 0x0000000080400000, 0x0000000080300000| Complete 
|   4|0x0000000080400000, 0x0000000080500000, 0x0000000080500000|100%|HC|  |TAMS 0x0000000080500000, 0x0000000080400000| Complete 
|   5|0x0000000080500000, 0x0000000080600000, 0x0000000080600000|100%|HC|  |TAMS 0x0000000080600000, 0x0000000080500000| Complete 
|   6|0x0000000080600000, 0x0000000080700000, 0x0000000080700000|100%| O|  |TAMS 0x0000000080700000, 0x0000000080600000| Untracked 
|   7|0x0000000080700000, 0x0000000080800000, 0x0000000080800000|100%| O|  |TAMS 0x0000000080800000, 0x0000000080700000| Untracked 
|   8|0x0000000080800000, 0x0000000080900000, 0x0000000080900000|100%| O|  |TAMS 0x0000000080900000, 0x0000000080800000| Untracked 
|   9|0x0000000080900000, 0x0000000080a00000, 0x0000000080a00000|100%| O|  |TAMS 0x0000000080a00000, 0x0000000080900000| Untracked 
|  10|0x0000000080a00000, 0x0000000080b00000, 0x0000000080b00000|100%| O|  |TAMS 0x0000000080b00000, 0x0000000080a00000| Untracked 
|  11|0x0000000080b00000, 0x0000000080c00000, 0x0000000080c00000|100%| O|  |TAMS 0x0000000080c00000, 0x0000000080b00000| Untracked 
|  12|0x0000000080c00000, 0x0000000080d00000, 0x0000000080d00000|100%| O|  |TAMS 0x0000000080d00000, 0x0000000080c00000| Untracked 
|  13|0x0000000080d00000, 0x0000000080e00000, 0x0000000080e00000|100%| O|  |TAMS 0x0000000080e00000, 0x0000000080d00000| Untracked 
|  14|0x0000000080e00000, 0x0000000080f00000, 0x0000000080f00000|100%| O|  |TAMS 0x0000000080f00000, 0x0000000080e00000| Untracked 
|  15|0x0000000080f00000, 0x0000000081000000, 0x0000000081000000|100%| O|  |TAMS 0x0000000081000000, 0x0000000080f00000| Untracked 
|  16|0x0000000081000000, 0x0000000081100000, 0x0000000081100000|100%|HS|  |TAMS 0x0000000081100000, 0x0000000081000000| Complete 
|  17|0x0000000081100000, 0x0000000081200000, 0x0000000081200000|100%|HC|  |TAMS 0x0000000081200000, 0x0000000081100000| Complete 
|  18|0x0000000081200000, 0x0000000081300000, 0x0000000081300000|100%|HS|  |TAMS 0x0000000081300000, 0x0000000081200000| Complete 
|  19|0x0000000081300000, 0x0000000081400000, 0x0000000081400000|100%|HC|  |TAMS 0x0000000081400000, 0x0000000081300000| Complete 
|  20|0x0000000081400000, 0x0000000081500000, 0x0000000081500000|100%|HC|  |TAMS 0x0000000081500000, 0x0000000081400000| Complete 
|  21|0x0000000081500000, 0x0000000081600000, 0x0000000081600000|100%|HS|  |TAMS 0x0000000081600000, 0x0000000081500000| Complete 
|  22|0x0000000081600000, 0x0000000081700000, 0x0000000081700000|100%|HS|  |TAMS 0x0000000081700000, 0x0000000081600000| Complete 
|  23|0x0000000081700000, 0x0000000081800000, 0x0000000081800000|100%|HC|  |TAMS 0x0000000081800000, 0x0000000081700000| Complete 
|  24|0x0000000081800000, 0x0000000081900000, 0x0000000081900000|100%|HC|  |TAMS 0x0000000081900000, 0x0000000081800000| Complete 
|  25|0x0000000081900000, 0x0000000081a00000, 0x0000000081a00000|100%|HC|  |TAMS 0x0000000081a00000, 0x0000000081900000| Complete 
|  26|0x0000000081a00000, 0x0000000081b00000, 0x0000000081b00000|100%| O|  |TAMS 0x0000000081b00000, 0x0000000081a00000| Untracked 
|  27|0x0000000081b00000, 0x0000000081c00000, 0x0000000081c00000|100%| O|  |TAMS 0x0000000081c00000, 0x0000000081b00000| Untracked 
|  28|0x0000000081c00000, 0x0000000081d00000, 0x0000000081d00000|100%| O|  |TAMS 0x0000000081d00000, 0x0000000081c00000| Untracked 
|  29|0x0000000081d00000, 0x0000000081e00000, 0x0000000081e00000|100%| O|  |TAMS 0x0000000081e00000, 0x0000000081d00000| Untracked 
|  30|0x0000000081e00000, 0x0000000081f00000, 0x0000000081f00000|100%| O|  |TAMS 0x0000000081f00000, 0x0000000081e00000| Untracked 
|  31|0x0000000081f00000, 0x0000000082000000, 0x0000000082000000|100%| O|  |TAMS 0x0000000082000000, 0x0000000081f00000| Untracked 
|  32|0x0000000082000000, 0x0000000082100000, 0x0000000082100000|100%| O|  |TAMS 0x0000000082100000, 0x0000000082000000| Untracked 
|  33|0x0000000082100000, 0x0000000082200000, 0x0000000082200000|100%| O|  |TAMS 0x0000000082200000, 0x0000000082100000| Untracked 
|  34|0x0000000082200000, 0x0000000082300000, 0x0000000082300000|100%|HS|  |TAMS 0x0000000082300000, 0x0000000082200000| Complete 
|  35|0x0000000082300000, 0x0000000082400000, 0x0000000082400000|100%| O|  |TAMS 0x0000000082400000, 0x0000000082300000| Untracked 
|  36|0x0000000082400000, 0x0000000082500000, 0x0000000082500000|100%| O|  |TAMS 0x0000000082500000, 0x0000000082400000| Untracked 
|  37|0x0000000082500000, 0x0000000082600000, 0x0000000082600000|100%| O|  |TAMS 0x0000000082600000, 0x0000000082500000| Untracked 
|  38|0x0000000082600000, 0x0000000082700000, 0x0000000082700000|100%| O|  |TAMS 0x0000000082700000, 0x0000000082600000| Untracked 
|  39|0x0000000082700000, 0x0000000082800000, 0x0000000082800000|100%| O|  |TAMS 0x0000000082800000, 0x0000000082700000| Untracked 
|  40|0x0000000082800000, 0x0000000082900000, 0x0000000082900000|100%| O|  |TAMS 0x0000000082900000, 0x0000000082800000| Untracked 
|  41|0x0000000082900000, 0x0000000082a00000, 0x0000000082a00000|100%| O|  |TAMS 0x0000000082a00000, 0x0000000082900000| Untracked 
|  42|0x0000000082a00000, 0x0000000082b00000, 0x0000000082b00000|100%|HS|  |TAMS 0x0000000082b00000, 0x0000000082a00000| Complete 
|  43|0x0000000082b00000, 0x0000000082c00000, 0x0000000082c00000|100%|HC|  |TAMS 0x0000000082c00000, 0x0000000082b00000| Complete 
|  44|0x0000000082c00000, 0x0000000082d00000, 0x0000000082d00000|100%|HC|  |TAMS 0x0000000082d00000, 0x0000000082c00000| Complete 
|  45|0x0000000082d00000, 0x0000000082e00000, 0x0000000082e00000|100%| O|  |TAMS 0x0000000082e00000, 0x0000000082d00000| Untracked 
|  46|0x0000000082e00000, 0x0000000082f00000, 0x0000000082f00000|100%| O|  |TAMS 0x0000000082f00000, 0x0000000082e00000| Untracked 
|  47|0x0000000082f00000, 0x0000000083000000, 0x0000000083000000|100%| O|  |TAMS 0x0000000083000000, 0x0000000082f00000| Untracked 
|  48|0x0000000083000000, 0x0000000083100000, 0x0000000083100000|100%| O|  |TAMS 0x0000000083100000, 0x0000000083000000| Untracked 
|  49|0x0000000083100000, 0x0000000083200000, 0x0000000083200000|100%|HS|  |TAMS 0x0000000083200000, 0x0000000083100000| Complete 
|  50|0x0000000083200000, 0x0000000083300000, 0x0000000083300000|100%|HC|  |TAMS 0x0000000083300000, 0x0000000083200000| Complete 
|  51|0x0000000083300000, 0x0000000083400000, 0x0000000083400000|100%|HC|  |TAMS 0x0000000083400000, 0x0000000083300000| Complete 
|  52|0x0000000083400000, 0x0000000083500000, 0x0000000083500000|100%|HC|  |TAMS 0x0000000083500000, 0x0000000083400000| Complete 
|  53|0x0000000083500000, 0x0000000083600000, 0x0000000083600000|100%| O|  |TAMS 0x0000000083600000, 0x0000000083500000| Untracked 
|  54|0x0000000083600000, 0x0000000083700000, 0x0000000083700000|100%| O|  |TAMS 0x0000000083700000, 0x0000000083600000| Untracked 
|  55|0x0000000083700000, 0x0000000083800000, 0x0000000083800000|100%| O|  |TAMS 0x0000000083800000, 0x0000000083700000| Untracked 
|  56|0x0000000083800000, 0x0000000083900000, 0x0000000083900000|100%| O|  |TAMS 0x0000000083900000, 0x0000000083800000| Untracked 
|  57|0x0000000083900000, 0x0000000083a00000, 0x0000000083a00000|100%| O|  |TAMS 0x0000000083a00000, 0x0000000083900000| Untracked 
|  58|0x0000000083a00000, 0x0000000083b00000, 0x0000000083b00000|100%|HS|  |TAMS 0x0000000083b00000, 0x0000000083a00000| Complete 
|  59|0x0000000083b00000, 0x0000000083c00000, 0x0000000083c00000|100%|HC|  |TAMS 0x0000000083c00000, 0x0000000083b00000| Complete 
|  60|0x0000000083c00000, 0x0000000083d00000, 0x0000000083d00000|100%|HC|  |TAMS 0x0000000083d00000, 0x0000000083c00000| Complete 
|  61|0x0000000083d00000, 0x0000000083e00000, 0x0000000083e00000|100%|HC|  |TAMS 0x0000000083e00000, 0x0000000083d00000| Complete 
|  62|0x0000000083e00000, 0x0000000083f00000, 0x0000000083f00000|100%|HC|  |TAMS 0x0000000083f00000, 0x0000000083e00000| Complete 
|  63|0x0000000083f00000, 0x0000000084000000, 0x0000000084000000|100%|HC|  |TAMS 0x0000000084000000, 0x0000000083f00000| Complete 
|  64|0x0000000084000000, 0x0000000084100000, 0x0000000084100000|100%|HS|  |TAMS 0x0000000084100000, 0x0000000084000000| Complete 
|  65|0x0000000084100000, 0x0000000084200000, 0x0000000084200000|100%|HS|  |TAMS 0x0000000084200000, 0x0000000084100000| Complete 
|  66|0x0000000084200000, 0x0000000084300000, 0x0000000084300000|100%|HS|  |TAMS 0x0000000084300000, 0x0000000084200000| Complete 
|  67|0x0000000084300000, 0x0000000084400000, 0x0000000084400000|100%|HS|  |TAMS 0x0000000084400000, 0x0000000084300000| Complete 
|  68|0x0000000084400000, 0x0000000084500000, 0x0000000084500000|100%|HS|  |TAMS 0x0000000084500000, 0x0000000084400000| Complete 
|  69|0x0000000084500000, 0x0000000084600000, 0x0000000084600000|100%|HC|  |TAMS 0x0000000084600000, 0x0000000084500000| Complete 
|  70|0x0000000084600000, 0x0000000084700000, 0x0000000084700000|100%|HC|  |TAMS 0x0000000084700000, 0x0000000084600000| Complete 
|  71|0x0000000084700000, 0x0000000084800000, 0x0000000084800000|100%| O|  |TAMS 0x0000000084800000, 0x0000000084700000| Untracked 
|  72|0x0000000084800000, 0x0000000084900000, 0x0000000084900000|100%| O|  |TAMS 0x0000000084900000, 0x0000000084800000| Untracked 
|  73|0x0000000084900000, 0x0000000084a00000, 0x0000000084a00000|100%| O|  |TAMS 0x0000000084a00000, 0x0000000084900000| Untracked 
|  74|0x0000000084a00000, 0x0000000084b00000, 0x0000000084b00000|100%| O|  |TAMS 0x0000000084b00000, 0x0000000084a00000| Untracked 
|  75|0x0000000084b00000, 0x0000000084c00000, 0x0000000084c00000|100%| O|  |TAMS 0x0000000084c00000, 0x0000000084b00000| Untracked 
|  76|0x0000000084c00000, 0x0000000084d00000, 0x0000000084d00000|100%|HS|  |TAMS 0x0000000084d00000, 0x0000000084c00000| Complete 
|  77|0x0000000084d00000, 0x0000000084e00000, 0x0000000084e00000|100%|HC|  |TAMS 0x0000000084e00000, 0x0000000084d00000| Complete 
|  78|0x0000000084e00000, 0x0000000084f00000, 0x0000000084f00000|100%| O|  |TAMS 0x0000000084f00000, 0x0000000084e00000| Untracked 
|  79|0x0000000084f00000, 0x0000000085000000, 0x0000000085000000|100%| O|  |TAMS 0x0000000085000000, 0x0000000084f00000| Untracked 
|  80|0x0000000085000000, 0x0000000085100000, 0x0000000085100000|100%| O|  |TAMS 0x0000000085100000, 0x0000000085000000| Untracked 
|  81|0x0000000085100000, 0x0000000085200000, 0x0000000085200000|100%| O|  |TAMS 0x0000000085200000, 0x0000000085100000| Untracked 
|  82|0x0000000085200000, 0x0000000085300000, 0x0000000085300000|100%| O|  |TAMS 0x0000000085300000, 0x0000000085200000| Untracked 
|  83|0x0000000085300000, 0x0000000085400000, 0x0000000085400000|100%| O|  |TAMS 0x0000000085400000, 0x0000000085300000| Untracked 
|  84|0x0000000085400000, 0x0000000085500000, 0x0000000085500000|100%| O|  |TAMS 0x0000000085500000, 0x0000000085400000| Untracked 
|  85|0x0000000085500000, 0x0000000085600000, 0x0000000085600000|100%| O|  |TAMS 0x0000000085600000, 0x0000000085500000| Untracked 
|  86|0x0000000085600000, 0x0000000085700000, 0x0000000085700000|100%| O|  |TAMS 0x0000000085700000, 0x0000000085600000| Untracked 
|  87|0x0000000085700000, 0x0000000085800000, 0x0000000085800000|100%| O|  |TAMS 0x0000000085800000, 0x0000000085700000| Untracked 
|  88|0x0000000085800000, 0x0000000085900000, 0x0000000085900000|100%| O|  |TAMS 0x0000000085900000, 0x0000000085800000| Untracked 
|  89|0x0000000085900000, 0x0000000085a00000, 0x0000000085a00000|100%| O|  |TAMS 0x0000000085a00000, 0x0000000085900000| Untracked 
|  90|0x0000000085a00000, 0x0000000085b00000, 0x0000000085b00000|100%| O|  |TAMS 0x0000000085b00000, 0x0000000085a00000| Untracked 
|  91|0x0000000085b00000, 0x0000000085c00000, 0x0000000085c00000|100%| O|  |TAMS 0x0000000085c00000, 0x0000000085b00000| Untracked 
|  92|0x0000000085c00000, 0x0000000085d00000, 0x0000000085d00000|100%| O|  |TAMS 0x0000000085d00000, 0x0000000085c00000| Untracked 
|  93|0x0000000085d00000, 0x0000000085d94800, 0x0000000085e00000| 58%| O|  |TAMS 0x0000000085d94800, 0x0000000085d00000| Untracked 
|  94|0x0000000085e00000, 0x0000000085e00000, 0x0000000085f00000|  0%| F|  |TAMS 0x0000000085e00000, 0x0000000085e00000| Untracked 
|  95|0x0000000085f00000, 0x0000000085f00000, 0x0000000086000000|  0%| F|  |TAMS 0x0000000085f00000, 0x0000000085f00000| Untracked 
|  96|0x0000000086000000, 0x0000000086000000, 0x0000000086100000|  0%| F|  |TAMS 0x0000000086000000, 0x0000000086000000| Untracked 
|  97|0x0000000086100000, 0x0000000086100000, 0x0000000086200000|  0%| F|  |TAMS 0x0000000086100000, 0x0000000086100000| Untracked 
|  98|0x0000000086200000, 0x0000000086200000, 0x0000000086300000|  0%| F|  |TAMS 0x0000000086200000, 0x0000000086200000| Untracked 
|  99|0x0000000086300000, 0x0000000086300000, 0x0000000086400000|  0%| F|  |TAMS 0x0000000086300000, 0x0000000086300000| Untracked 
| 100|0x0000000086400000, 0x0000000086400000, 0x0000000086500000|  0%| F|  |TAMS 0x0000000086400000, 0x0000000086400000| Untracked 
| 101|0x0000000086500000, 0x0000000086500000, 0x0000000086600000|  0%| F|  |TAMS 0x0000000086500000, 0x0000000086500000| Untracked 
| 102|0x0000000086600000, 0x0000000086600000, 0x0000000086700000|  0%| F|  |TAMS 0x0000000086600000, 0x0000000086600000| Untracked 
| 103|0x0000000086700000, 0x0000000086700000, 0x0000000086800000|  0%| F|  |TAMS 0x0000000086700000, 0x0000000086700000| Untracked 
| 104|0x0000000086800000, 0x0000000086800000, 0x0000000086900000|  0%| F|  |TAMS 0x0000000086800000, 0x0000000086800000| Untracked 
| 105|0x0000000086900000, 0x0000000086900000, 0x0000000086a00000|  0%| F|  |TAMS 0x0000000086900000, 0x0000000086900000| Untracked 
| 106|0x0000000086a00000, 0x0000000086a00000, 0x0000000086b00000|  0%| F|  |TAMS 0x0000000086a00000, 0x0000000086a00000| Untracked 
| 107|0x0000000086b00000, 0x0000000086b00000, 0x0000000086c00000|  0%| F|  |TAMS 0x0000000086b00000, 0x0000000086b00000| Untracked 
| 108|0x0000000086c00000, 0x0000000086c00000, 0x0000000086d00000|  0%| F|  |TAMS 0x0000000086c00000, 0x0000000086c00000| Untracked 
| 109|0x0000000086d00000, 0x0000000086d00000, 0x0000000086e00000|  0%| F|  |TAMS 0x0000000086d00000, 0x0000000086d00000| Untracked 
| 110|0x0000000086e00000, 0x0000000086e00000, 0x0000000086f00000|  0%| F|  |TAMS 0x0000000086e00000, 0x0000000086e00000| Untracked 
| 111|0x0000000086f00000, 0x0000000086f00000, 0x0000000087000000|  0%| F|  |TAMS 0x0000000086f00000, 0x0000000086f00000| Untracked 
| 112|0x0000000087000000, 0x0000000087000000, 0x0000000087100000|  0%| F|  |TAMS 0x0000000087000000, 0x0000000087000000| Untracked 
| 113|0x0000000087100000, 0x0000000087100000, 0x0000000087200000|  0%| F|  |TAMS 0x0000000087100000, 0x0000000087100000| Untracked 
| 114|0x0000000087200000, 0x0000000087200000, 0x0000000087300000|  0%| F|  |TAMS 0x0000000087200000, 0x0000000087200000| Untracked 
| 115|0x0000000087300000, 0x0000000087362610, 0x0000000087400000| 38%| S|CS|TAMS 0x0000000087300000, 0x0000000087300000| Complete 
| 116|0x0000000087400000, 0x0000000087500000, 0x0000000087500000|100%| S|CS|TAMS 0x0000000087400000, 0x0000000087400000| Complete 
| 117|0x0000000087500000, 0x0000000087500000, 0x0000000087600000|  0%| F|  |TAMS 0x0000000087500000, 0x0000000087500000| Untracked 
| 118|0x0000000087600000, 0x0000000087600000, 0x0000000087700000|  0%| F|  |TAMS 0x0000000087600000, 0x0000000087600000| Untracked 
| 119|0x0000000087700000, 0x0000000087700000, 0x0000000087800000|  0%| F|  |TAMS 0x0000000087700000, 0x0000000087700000| Untracked 
| 120|0x0000000087800000, 0x0000000087800000, 0x0000000087900000|  0%| F|  |TAMS 0x0000000087800000, 0x0000000087800000| Untracked 
| 121|0x0000000087900000, 0x0000000087900000, 0x0000000087a00000|  0%| F|  |TAMS 0x0000000087900000, 0x0000000087900000| Untracked 
| 122|0x0000000087a00000, 0x0000000087a00000, 0x0000000087b00000|  0%| F|  |TAMS 0x0000000087a00000, 0x0000000087a00000| Untracked 
| 123|0x0000000087b00000, 0x0000000087b00000, 0x0000000087c00000|  0%| F|  |TAMS 0x0000000087b00000, 0x0000000087b00000| Untracked 
| 124|0x0000000087c00000, 0x0000000087c00000, 0x0000000087d00000|  0%| F|  |TAMS 0x0000000087c00000, 0x0000000087c00000| Untracked 
| 125|0x0000000087d00000, 0x0000000087d00000, 0x0000000087e00000|  0%| F|  |TAMS 0x0000000087d00000, 0x0000000087d00000| Untracked 
| 126|0x0000000087e00000, 0x0000000087e00000, 0x0000000087f00000|  0%| F|  |TAMS 0x0000000087e00000, 0x0000000087e00000| Untracked 
| 127|0x0000000087f00000, 0x0000000087f00000, 0x0000000088000000|  0%| F|  |TAMS 0x0000000087f00000, 0x0000000087f00000| Untracked 
| 128|0x0000000088000000, 0x0000000088000000, 0x0000000088100000|  0%| F|  |TAMS 0x0000000088000000, 0x0000000088000000| Untracked 
| 129|0x0000000088100000, 0x0000000088100000, 0x0000000088200000|  0%| F|  |TAMS 0x0000000088100000, 0x0000000088100000| Untracked 
| 130|0x0000000088200000, 0x0000000088200000, 0x0000000088300000|  0%| F|  |TAMS 0x0000000088200000, 0x0000000088200000| Untracked 
| 131|0x0000000088300000, 0x0000000088300000, 0x0000000088400000|  0%| F|  |TAMS 0x0000000088300000, 0x0000000088300000| Untracked 
| 132|0x0000000088400000, 0x0000000088400000, 0x0000000088500000|  0%| F|  |TAMS 0x0000000088400000, 0x0000000088400000| Untracked 
| 133|0x0000000088500000, 0x0000000088500000, 0x0000000088600000|  0%| F|  |TAMS 0x0000000088500000, 0x0000000088500000| Untracked 
| 134|0x0000000088600000, 0x0000000088600000, 0x0000000088700000|  0%| F|  |TAMS 0x0000000088600000, 0x0000000088600000| Untracked 
| 135|0x0000000088700000, 0x0000000088700000, 0x0000000088800000|  0%| F|  |TAMS 0x0000000088700000, 0x0000000088700000| Untracked 
| 136|0x0000000088800000, 0x0000000088800000, 0x0000000088900000|  0%| F|  |TAMS 0x0000000088800000, 0x0000000088800000| Untracked 
| 137|0x0000000088900000, 0x0000000088900000, 0x0000000088a00000|  0%| F|  |TAMS 0x0000000088900000, 0x0000000088900000| Untracked 
| 138|0x0000000088a00000, 0x0000000088b00000, 0x0000000088b00000|100%| E|  |TAMS 0x0000000088a00000, 0x0000000088a00000| Complete 
| 139|0x0000000088b00000, 0x0000000088c00000, 0x0000000088c00000|100%| E|CS|TAMS 0x0000000088b00000, 0x0000000088b00000| Complete 

Card table byte_map: [0x000002619c020000,0x000002619c420000] _byte_map_base: 0x000002619bc20000

Marking Bits (Prev, Next): (CMBitMap*) 0x00000261886eb350, (CMBitMap*) 0x00000261886eb318
 Prev Bits: [0x000002619e820000, 0x00000261a0820000)
 Next Bits: [0x000002619c820000, 0x000002619e820000)

Polling page: 0x0000026186e50000

Metaspace:

Usage:
  Non-class:     65.06 MB capacity,    63.82 MB ( 98%) used,     1.05 MB (  2%) free+waste,   189.19 KB ( <1%) overhead. 
      Class:      9.98 MB capacity,     9.31 MB ( 93%) used,   599.96 KB (  6%) free+waste,    88.19 KB ( <1%) overhead. 
       Both:     75.04 MB capacity,    73.13 MB ( 97%) used,     1.64 MB (  2%) free+waste,   277.38 KB ( <1%) overhead. 

Virtual space:
  Non-class space:       66.00 MB reserved,      65.25 MB ( 99%) committed 
      Class space:        1.00 GB reserved,      10.00 MB ( <1%) committed 
             Both:        1.06 GB reserved,      75.25 MB (  7%) committed 

Chunk freelists:
   Non-Class:  6.00 KB
       Class:  20.00 KB
        Both:  26.00 KB

MaxMetaspaceSize: 17179869184.00 GB
CompressedClassSpaceSize: 1.00 GB
Initial GC threshold: 20.80 MB
Current GC threshold: 125.00 MB
CDS: off

CodeHeap 'non-profiled nmethods': size=120000Kb used=3784Kb max_used=3784Kb free=116215Kb
 bounds [0x0000026193c90000, 0x0000026194050000, 0x000002619b1c0000]
CodeHeap 'profiled nmethods': size=120000Kb used=15921Kb max_used=15921Kb free=104078Kb
 bounds [0x000002618c760000, 0x000002618d6f0000, 0x0000026193c90000]
CodeHeap 'non-nmethods': size=5760Kb used=2359Kb max_used=2396Kb free=3401Kb
 bounds [0x000002618c1c0000, 0x000002618c430000, 0x000002618c760000]
 total_blobs=8362 nmethods=7492 adapters=782
 compilation: enabled
              stopped_count=0, restarted_count=0
 full_count=0

Compilation events (20 events):
Event: 26.762 Thread 0x00000261a330c000 nmethod 7632 0x000002619403c710 code [0x000002619403ca20, 0x000002619403e698]
Event: 26.762 Thread 0x00000261a330c000 7633       4       org.objectweb.asm.MethodWriter::visitLabel (328 bytes)
Event: 26.789 Thread 0x00000261a330f000 7655       3       org.gradle.api.internal.tasks.DefaultTaskContainer_Decorated::getMutationGuard (39 bytes)
Event: 26.790 Thread 0x00000261a330f000 nmethod 7655 0x000002618d6e9410 code [0x000002618d6e9660, 0x000002618d6e9fa8]
Event: 26.798 Thread 0x00000261a330c000 nmethod 7633 0x000002619403fe90 code [0x0000026194040060, 0x0000026194040eb8]
Event: 26.798 Thread 0x00000261a330c000 7635  s    4       java.util.Vector::addElement (24 bytes)
Event: 26.802 Thread 0x00000261a330c000 nmethod 7635 0x0000026194041290 code [0x0000026194041440, 0x0000026194041888]
Event: 26.802 Thread 0x00000261a330c000 7631       4       org.gradle.internal.reflect.MethodSet::add (50 bytes)
Event: 26.824 Thread 0x00000261a330f000 7656       3       org.gradle.api.internal.provider.AbstractProviderWithValue::<init> (5 bytes)
Event: 26.825 Thread 0x00000261a330f000 nmethod 7656 0x000002618d6ea290 code [0x000002618d6ea440, 0x000002618d6ea5f8]
Event: 26.825 Thread 0x00000261a330f000 7657       3       org.gradle.api.internal.provider.Providers$FixedValueProvider::<init> (10 bytes)
Event: 26.825 Thread 0x00000261a330f000 nmethod 7657 0x000002618d6ea710 code [0x000002618d6ea8e0, 0x000002618d6eab58]
Event: 26.843 Thread 0x00000261a330f000 7658       1       org.gradle.api.internal.project.DefaultProject::getGradle (5 bytes)
Event: 26.843 Thread 0x00000261a330f000 nmethod 7658 0x0000026194041a10 code [0x0000026194041bc0, 0x0000026194041c78]
Event: 26.849 Thread 0x00000261a330f000 7659       1       org.gradle.api.internal.DefaultNamedDomainObjectCollection$AbstractNamedDomainObjectProvider::getName (5 bytes)
Event: 26.849 Thread 0x00000261a330f000 nmethod 7659 0x0000026194041d10 code [0x0000026194041ec0, 0x0000026194041f78]
Event: 26.851 Thread 0x00000261a330f000 7660       3       org.gradle.api.internal.DefaultDomainObjectCollection::withMutationDisabled (11 bytes)
Event: 26.851 Thread 0x00000261a330f000 nmethod 7660 0x000002618d6eac90 code [0x000002618d6eae60, 0x000002618d6eb0d8]
Event: 26.855 Thread 0x00000261a330f000 7661       3       com.google.common.collect.AbstractMapBasedMultimap::<init> (19 bytes)
Event: 26.856 Thread 0x00000261a330f000 nmethod 7661 0x000002618d6eb210 code [0x000002618d6eb400, 0x000002618d6eb838]

GC Heap History (20 events):
Event: 18.688 GC heap before
{Heap before GC invocations=37 (full 0):
 garbage-first heap   total 118784K, used 96894K [0x0000000080000000, 0x0000000100000000)
  region size 1024K, 14 young (14336K), 1 survivors (1024K)
 Metaspace       used 57622K, capacity 59258K, committed 59520K, reserved 1101824K
  class space    used 7424K, capacity 8005K, committed 8064K, reserved 1048576K
}
Event: 18.694 GC heap after
{Heap after GC invocations=38 (full 0):
 garbage-first heap   total 118784K, used 84223K [0x0000000080000000, 0x0000000100000000)
  region size 1024K, 2 young (2048K), 2 survivors (2048K)
 Metaspace       used 57622K, capacity 59258K, committed 59520K, reserved 1101824K
  class space    used 7424K, capacity 8005K, committed 8064K, reserved 1048576K
}
Event: 19.242 GC heap before
{Heap before GC invocations=39 (full 0):
 garbage-first heap   total 118784K, used 97535K [0x0000000080000000, 0x0000000100000000)
  region size 1024K, 15 young (15360K), 2 survivors (2048K)
 Metaspace       used 59863K, capacity 61547K, committed 61824K, reserved 1103872K
  class space    used 7632K, capacity 8235K, committed 8320K, reserved 1048576K
}
Event: 19.245 GC heap after
{Heap after GC invocations=40 (full 0):
 garbage-first heap   total 118784K, used 84511K [0x0000000080000000, 0x0000000100000000)
  region size 1024K, 2 young (2048K), 2 survivors (2048K)
 Metaspace       used 59863K, capacity 61547K, committed 61824K, reserved 1103872K
  class space    used 7632K, capacity 8235K, committed 8320K, reserved 1048576K
}
Event: 20.266 GC heap before
{Heap before GC invocations=40 (full 0):
 garbage-first heap   total 118784K, used 97823K [0x0000000080000000, 0x0000000100000000)
  region size 1024K, 15 young (15360K), 2 survivors (2048K)
 Metaspace       used 61507K, capacity 63262K, committed 63488K, reserved 1103872K
  class space    used 7816K, capacity 8418K, committed 8448K, reserved 1048576K
}
Event: 20.270 GC heap after
{Heap after GC invocations=41 (full 0):
 garbage-first heap   total 143360K, used 85090K [0x0000000080000000, 0x0000000100000000)
  region size 1024K, 2 young (2048K), 2 survivors (2048K)
 Metaspace       used 61507K, capacity 63262K, committed 63488K, reserved 1103872K
  class space    used 7816K, capacity 8418K, committed 8448K, reserved 1048576K
}
Event: 21.515 GC heap before
{Heap before GC invocations=42 (full 0):
 garbage-first heap   total 143360K, used 110690K [0x0000000080000000, 0x0000000100000000)
  region size 1024K, 28 young (28672K), 2 survivors (2048K)
 Metaspace       used 64787K, capacity 66537K, committed 66688K, reserved 1107968K
  class space    used 8220K, capacity 8829K, committed 8832K, reserved 1048576K
}
Event: 21.521 GC heap after
{Heap after GC invocations=43 (full 0):
 garbage-first heap   total 143360K, used 87795K [0x0000000080000000, 0x0000000100000000)
  region size 1024K, 4 young (4096K), 4 survivors (4096K)
 Metaspace       used 64787K, capacity 66537K, committed 66688K, reserved 1107968K
  class space    used 8220K, capacity 8829K, committed 8832K, reserved 1048576K
}
Event: 23.142 GC heap before
{Heap before GC invocations=43 (full 0):
 garbage-first heap   total 143360K, used 112371K [0x0000000080000000, 0x0000000100000000)
  region size 1024K, 29 young (29696K), 4 survivors (4096K)
 Metaspace       used 67173K, capacity 68913K, committed 69120K, reserved 1110016K
  class space    used 8509K, capacity 9125K, committed 9216K, reserved 1048576K
}
Event: 23.149 GC heap after
{Heap after GC invocations=44 (full 0):
 garbage-first heap   total 143360K, used 89478K [0x0000000080000000, 0x0000000100000000)
  region size 1024K, 2 young (2048K), 2 survivors (2048K)
 Metaspace       used 67173K, capacity 68913K, committed 69120K, reserved 1110016K
  class space    used 8509K, capacity 9125K, committed 9216K, reserved 1048576K
}
Event: 23.588 GC heap before
{Heap before GC invocations=45 (full 0):
 garbage-first heap   total 143360K, used 104838K [0x0000000080000000, 0x0000000100000000)
  region size 1024K, 19 young (19456K), 2 survivors (2048K)
 Metaspace       used 68403K, capacity 70203K, committed 70272K, reserved 1110016K
  class space    used 8682K, capacity 9298K, committed 9344K, reserved 1048576K
}
Event: 23.592 GC heap after
{Heap after GC invocations=46 (full 0):
 garbage-first heap   total 143360K, used 90569K [0x0000000080000000, 0x0000000100000000)
  region size 1024K, 3 young (3072K), 3 survivors (3072K)
 Metaspace       used 68403K, capacity 70203K, committed 70272K, reserved 1110016K
  class space    used 8682K, capacity 9298K, committed 9344K, reserved 1048576K
}
Event: 24.462 GC heap before
{Heap before GC invocations=47 (full 0):
 garbage-first heap   total 143360K, used 116169K [0x0000000080000000, 0x0000000100000000)
  region size 1024K, 27 young (27648K), 3 survivors (3072K)
 Metaspace       used 70884K, capacity 72708K, committed 72960K, reserved 1112064K
  class space    used 9000K, capacity 9681K, committed 9728K, reserved 1048576K
}
Event: 24.467 GC heap after
{Heap after GC invocations=48 (full 0):
 garbage-first heap   total 143360K, used 91334K [0x0000000080000000, 0x0000000100000000)
  region size 1024K, 2 young (2048K), 2 survivors (2048K)
 Metaspace       used 70884K, capacity 72708K, committed 72960K, reserved 1112064K
  class space    used 9000K, capacity 9681K, committed 9728K, reserved 1048576K
}
Event: 25.196 GC heap before
{Heap before GC invocations=48 (full 0):
 garbage-first heap   total 143360K, used 115910K [0x0000000080000000, 0x0000000100000000)
  region size 1024K, 26 young (26624K), 2 survivors (2048K)
 Metaspace       used 71803K, capacity 73693K, committed 73856K, reserved 1114112K
  class space    used 9121K, capacity 9793K, committed 9856K, reserved 1048576K
}
Event: 25.204 GC heap after
{Heap after GC invocations=49 (full 0):
 garbage-first heap   total 143360K, used 93471K [0x0000000080000000, 0x0000000100000000)
  region size 1024K, 4 young (4096K), 4 survivors (4096K)
 Metaspace       used 71803K, capacity 73693K, committed 73856K, reserved 1114112K
  class space    used 9121K, capacity 9793K, committed 9856K, reserved 1048576K
}
Event: 25.791 GC heap before
{Heap before GC invocations=50 (full 0):
 garbage-first heap   total 143360K, used 118047K [0x0000000080000000, 0x0000000100000000)
  region size 1024K, 28 young (28672K), 4 survivors (4096K)
 Metaspace       used 72088K, capacity 74021K, committed 74240K, reserved 1114112K
  class space    used 9144K, capacity 9861K, committed 9984K, reserved 1048576K
}
Event: 25.802 GC heap after
{Heap after GC invocations=51 (full 0):
 garbage-first heap   total 143360K, used 96007K [0x0000000080000000, 0x0000000100000000)
  region size 1024K, 3 young (3072K), 3 survivors (3072K)
 Metaspace       used 72088K, capacity 74021K, committed 74240K, reserved 1114112K
  class space    used 9144K, capacity 9861K, committed 9984K, reserved 1048576K
}
Event: 26.881 GC heap before
{Heap before GC invocations=51 (full 0):
 garbage-first heap   total 143360K, used 119559K [0x0000000080000000, 0x0000000100000000)
  region size 1024K, 26 young (26624K), 3 survivors (3072K)
 Metaspace       used 74620K, capacity 76518K, committed 76800K, reserved 1116160K
  class space    used 9474K, capacity 10156K, committed 10240K, reserved 1048576K
}
Event: 26.887 GC heap after
{Heap after GC invocations=52 (full 0):
 garbage-first heap   total 143360K, used 97243K [0x0000000080000000, 0x0000000100000000)
  region size 1024K, 2 young (2048K), 2 survivors (2048K)
 Metaspace       used 74620K, capacity 76518K, committed 76800K, reserved 1116160K
  class space    used 9474K, capacity 10156K, committed 10240K, reserved 1048576K
}

Deoptimization events (20 events):
Event: 24.178 Thread 0x00000261a5c79800 Uncommon trap: trap_request=0xffffff4d fr.pc=0x0000026193e38698 relative=0x0000000000000078
Event: 24.178 Thread 0x00000261a5c79800 Uncommon trap: reason=unstable_if action=reinterpret pc=0x0000026193e38698 method=java.lang.Integer.stringSize(I)I @ 19 c2
Event: 24.178 Thread 0x00000261a5c79800 DEOPT PACKING pc=0x0000026193e38698 sp=0x000000e51adf8960
Event: 24.178 Thread 0x00000261a5c79800 DEOPT UNPACKING pc=0x000002618c20a1af sp=0x000000e51adf88e0 mode 2
Event: 24.746 Thread 0x00000261a5c79800 Uncommon trap: trap_request=0xffffffbe fr.pc=0x0000026193ff5cc4 relative=0x0000000000000ac4
Event: 24.746 Thread 0x00000261a5c79800 Uncommon trap: reason=profile_predicate action=maybe_recompile pc=0x0000026193ff5cc4 method=jdk.internal.jimage.ImageStringsReader.charsFromByteBuffer([CLjava/nio/ByteBuffer;)V @ 6 c2
Event: 24.746 Thread 0x00000261a5c79800 DEOPT PACKING pc=0x0000026193ff5cc4 sp=0x000000e51adf5d80
Event: 24.746 Thread 0x00000261a5c79800 DEOPT UNPACKING pc=0x000002618c20a1af sp=0x000000e51adf5c58 mode 2
Event: 24.746 Thread 0x00000261a5c79800 Uncommon trap: trap_request=0xffffffbe fr.pc=0x0000026193ff5cc4 relative=0x0000000000000ac4
Event: 24.746 Thread 0x00000261a5c79800 Uncommon trap: reason=profile_predicate action=maybe_recompile pc=0x0000026193ff5cc4 method=jdk.internal.jimage.ImageStringsReader.charsFromByteBuffer([CLjava/nio/ByteBuffer;)V @ 6 c2
Event: 24.746 Thread 0x00000261a5c79800 DEOPT PACKING pc=0x0000026193ff5cc4 sp=0x000000e51adf5d80
Event: 24.746 Thread 0x00000261a5c79800 DEOPT UNPACKING pc=0x000002618c20a1af sp=0x000000e51adf5c58 mode 2
Event: 24.746 Thread 0x00000261a5c79800 Uncommon trap: trap_request=0xffffffbe fr.pc=0x0000026193ff5cc4 relative=0x0000000000000ac4
Event: 24.746 Thread 0x00000261a5c79800 Uncommon trap: reason=profile_predicate action=maybe_recompile pc=0x0000026193ff5cc4 method=jdk.internal.jimage.ImageStringsReader.charsFromByteBuffer([CLjava/nio/ByteBuffer;)V @ 6 c2
Event: 24.746 Thread 0x00000261a5c79800 DEOPT PACKING pc=0x0000026193ff5cc4 sp=0x000000e51adf5d80
Event: 24.746 Thread 0x00000261a5c79800 DEOPT UNPACKING pc=0x000002618c20a1af sp=0x000000e51adf5c58 mode 2
Event: 24.746 Thread 0x00000261a5c79800 Uncommon trap: trap_request=0xffffffbe fr.pc=0x0000026193ff5cc4 relative=0x0000000000000ac4
Event: 24.746 Thread 0x00000261a5c79800 Uncommon trap: reason=profile_predicate action=maybe_recompile pc=0x0000026193ff5cc4 method=jdk.internal.jimage.ImageStringsReader.charsFromByteBuffer([CLjava/nio/ByteBuffer;)V @ 6 c2
Event: 24.746 Thread 0x00000261a5c79800 DEOPT PACKING pc=0x0000026193ff5cc4 sp=0x000000e51adf5d80
Event: 24.746 Thread 0x00000261a5c79800 DEOPT UNPACKING pc=0x000002618c20a1af sp=0x000000e51adf5c58 mode 2

Classes redefined (0 events):
No events

Internal exceptions (20 events):
Event: 25.595 Thread 0x00000261a5c79800 Exception <a 'java/lang/ClassNotFoundException'{0x000000008796a238}: com/android/build/gradle/internal/CompileOptions$AgpDecorated_DecoratedBeanInfo> (0x000000008796a238) thrown at [./src/hotspot/share/classfile/systemDictionary.cpp, line 231]
Event: 25.603 Thread 0x00000261a5c79800 Exception <a 'java/lang/ClassNotFoundException'{0x0000000087989520}: com/android/build/gradle/internal/CompileOptions$AgpDecoratedBeanInfo> (0x0000000087989520) thrown at [./src/hotspot/share/classfile/systemDictionary.cpp, line 231]
Event: 25.611 Thread 0x00000261a5c79800 Exception <a 'java/lang/ClassNotFoundException'{0x00000000879a5898}: com/android/build/gradle/internal/CompileOptionsBeanInfo> (0x00000000879a5898) thrown at [./src/hotspot/share/classfile/systemDictionary.cpp, line 231]
Event: 25.614 Thread 0x00000261a5c79800 Exception <a 'java/lang/ClassNotFoundException'{0x00000000879c2658}: com/android/build/gradle/internal/CompileOptionsCustomizer> (0x00000000879c2658) thrown at [./src/hotspot/share/classfile/systemDictionary.cpp, line 231]
Event: 25.620 Thread 0x00000261a5c79800 Exception <a 'java/lang/ClassNotFoundException'{0x00000000879ed8e0}: com/android/build/gradle/internal/CompileOptions$AgpDecoratedCustomizer> (0x00000000879ed8e0) thrown at [./src/hotspot/share/classfile/systemDictionary.cpp, line 231]
Event: 25.626 Thread 0x00000261a5c79800 Exception <a 'java/lang/ClassNotFoundException'{0x000000008781ce38}: com/android/build/gradle/internal/CompileOptions$AgpDecorated_DecoratedCustomizer> (0x000000008781ce38) thrown at [./src/hotspot/share/classfile/systemDictionary.cpp, line 231]
Event: 25.679 Thread 0x00000261a5c79800 Exception <a 'java/lang/ClassNotFoundException'{0x00000000877b0a48}: org/jetbrains/kotlin/gradle/dsl/KotlinJvmOptionsImplBeanInfo> (0x00000000877b0a48) thrown at [./src/hotspot/share/classfile/systemDictionary.cpp, line 231]
Event: 25.683 Thread 0x00000261a5c79800 Exception <a 'java/lang/ClassNotFoundException'{0x00000000877cdf38}: org/jetbrains/kotlin/gradle/dsl/KotlinJvmOptionsBaseBeanInfo> (0x00000000877cdf38) thrown at [./src/hotspot/share/classfile/systemDictionary.cpp, line 231]
Event: 25.685 Thread 0x00000261a5c79800 Exception <a 'java/lang/ClassNotFoundException'{0x00000000877eb388}: org/jetbrains/kotlin/gradle/dsl/KotlinJvmOptionsBaseCustomizer> (0x00000000877eb388) thrown at [./src/hotspot/share/classfile/systemDictionary.cpp, line 231]
Event: 25.689 Thread 0x00000261a5c79800 Exception <a 'java/lang/ClassNotFoundException'{0x0000000087619e88}: org/jetbrains/kotlin/gradle/dsl/KotlinJvmOptionsImplCustomizer> (0x0000000087619e88) thrown at [./src/hotspot/share/classfile/systemDictionary.cpp, line 231]
Event: 25.702 Thread 0x00000261a5c79800 Exception <a 'java/lang/ClassNotFoundException'{0x00000000876a5a80}: com/android/build/gradle/internal/dsl/ApplicationBuildFeaturesImpl_DecoratedBeanInfo> (0x00000000876a5a80) thrown at [./src/hotspot/share/classfile/systemDictionary.cpp, line 231]
Event: 25.709 Thread 0x00000261a5c79800 Exception <a 'java/lang/ClassNotFoundException'{0x00000000876c57c8}: com/android/build/gradle/internal/dsl/ApplicationBuildFeaturesImplBeanInfo> (0x00000000876c57c8) thrown at [./src/hotspot/share/classfile/systemDictionary.cpp, line 231]
Event: 25.711 Thread 0x00000261a5c79800 Exception <a 'java/lang/ClassNotFoundException'{0x00000000876e32d8}: com/android/build/gradle/internal/dsl/BuildFeaturesImplBeanInfo> (0x00000000876e32d8) thrown at [./src/hotspot/share/classfile/systemDictionary.cpp, line 231]
Event: 25.714 Thread 0x00000261a5c79800 Exception <a 'java/lang/ClassNotFoundException'{0x0000000087501540}: com/android/build/gradle/internal/dsl/BuildFeaturesImplCustomizer> (0x0000000087501540) thrown at [./src/hotspot/share/classfile/systemDictionary.cpp, line 231]
Event: 25.730 Thread 0x00000261a5c79800 Exception <a 'java/lang/ClassNotFoundException'{0x000000008752cd18}: com/android/build/gradle/internal/dsl/ApplicationBuildFeaturesImplCustomizer> (0x000000008752cd18) thrown at [./src/hotspot/share/classfile/systemDictionary.cpp, line 231]
Event: 25.738 Thread 0x00000261a5c79800 Exception <a 'java/lang/ClassNotFoundException'{0x0000000087554a88}: com/android/build/gradle/internal/dsl/ApplicationBuildFeaturesImpl_DecoratedCustomizer> (0x0000000087554a88) thrown at [./src/hotspot/share/classfile/systemDictionary.cpp, line 231]
Event: 25.751 Thread 0x00000261a5c79800 Exception <a 'java/lang/ClassNotFoundException'{0x00000000875f3df8}: org/jetbrains/kotlin/gradle/plugin/KaptExtension_DecoratedBeanInfo> (0x00000000875f3df8) thrown at [./src/hotspot/share/classfile/systemDictionary.cpp, line 231]
Event: 25.752 Thread 0x00000261a5c79800 Exception <a 'java/lang/ClassNotFoundException'{0x000000008740f3b8}: org/jetbrains/kotlin/gradle/plugin/KaptExtensionBeanInfo> (0x000000008740f3b8) thrown at [./src/hotspot/share/classfile/systemDictionary.cpp, line 231]
Event: 25.753 Thread 0x00000261a5c79800 Exception <a 'java/lang/ClassNotFoundException'{0x000000008742aee0}: org/jetbrains/kotlin/gradle/plugin/KaptExtensionCustomizer> (0x000000008742aee0) thrown at [./src/hotspot/share/classfile/systemDictionary.cpp, line 231]
Event: 25.758 Thread 0x00000261a5c79800 Exception <a 'java/lang/ClassNotFoundException'{0x0000000087472060}: org/jetbrains/kotlin/gradle/plugin/KaptExtension_DecoratedCustomizer> (0x0000000087472060) thrown at [./src/hotspot/share/classfile/systemDictionary.cpp, line 231]

Events (20 events):
Event: 26.855 loading class com/android/build/api/instrumentation/InstrumentationParameters$None
Event: 26.855 loading class com/android/build/api/instrumentation/InstrumentationParameters$None done
Event: 26.863 loading class dagger/hilt/android/plugin/AndroidEntryPointClassVisitor
Event: 26.863 loading class dagger/hilt/android/plugin/AndroidEntryPointClassVisitor done
Event: 26.866 loading class com/android/build/api/instrumentation/ClassData
Event: 26.866 loading class com/android/build/api/instrumentation/ClassData done
Event: 26.866 loading class com/android/build/api/instrumentation/ClassContext
Event: 26.866 loading class com/android/build/api/instrumentation/ClassContext done
Event: 26.869 loading class com/android/build/api/instrumentation/InstrumentationContext
Event: 26.869 loading class com/android/build/api/instrumentation/InstrumentationContext done
Event: 26.872 loading class org/gradle/api/tasks/Nested
Event: 26.872 loading class org/gradle/api/tasks/Nested done
Event: 26.878 loading class com/android/build/gradle/internal/utils/HasConfigurableValuesKt
Event: 26.878 loading class com/android/build/gradle/internal/utils/HasConfigurableValuesKt done
Event: 26.880 Executing VM operation: G1CollectForAllocation
Event: 26.887 Executing VM operation: G1CollectForAllocation done
Event: 26.894 loading class com/android/build/gradle/internal/pipeline/OriginalStream
Event: 26.894 loading class com/android/build/gradle/internal/pipeline/OriginalStream done
Event: 26.925 loading class com/android/build/gradle/internal/pipeline/TransformStream
Event: 26.925 loading class com/android/build/gradle/internal/pipeline/TransformStream done


Dynamic libraries:
0x00007ff715ad0000 - 0x00007ff715ada000 	E:\android\jre\bin\java.exe
0x00007ffd64510000 - 0x00007ffd64708000 	C:\WINDOWS\SYSTEM32\ntdll.dll
0x00007ffd64340000 - 0x00007ffd643fd000 	C:\WINDOWS\System32\KERNEL32.DLL
0x00007ffd62160000 - 0x00007ffd6242e000 	C:\WINDOWS\System32\KERNELBASE.dll
0x00007ffd61eb0000 - 0x00007ffd61fb0000 	C:\WINDOWS\System32\ucrtbase.dll
0x00007ffd5fc30000 - 0x00007ffd5fc49000 	E:\android\jre\bin\jli.dll
0x00007ffd54690000 - 0x00007ffd546a7000 	E:\android\jre\bin\VCRUNTIME140.dll
0x00007ffd63ef0000 - 0x00007ffd64090000 	C:\WINDOWS\System32\USER32.dll
0x00007ffd61ca0000 - 0x00007ffd61cc2000 	C:\WINDOWS\System32\win32u.dll
0x00007ffd63330000 - 0x00007ffd6335a000 	C:\WINDOWS\System32\GDI32.dll
0x00007ffd4d9c0000 - 0x00007ffd4dc5a000 	C:\WINDOWS\WinSxS\amd64_microsoft.windows.common-controls_6595b64144ccf1df_6.0.19041.1110_none_60b5254171f9507e\COMCTL32.dll
0x00007ffd64090000 - 0x00007ffd6412e000 	C:\WINDOWS\System32\msvcrt.dll
0x00007ffd61da0000 - 0x00007ffd61eab000 	C:\WINDOWS\System32\gdi32full.dll
0x00007ffd61d00000 - 0x00007ffd61d9d000 	C:\WINDOWS\System32\msvcp_win.dll
0x00007ffd63d10000 - 0x00007ffd63d40000 	C:\WINDOWS\System32\IMM32.DLL
0x00007ffd4cf50000 - 0x00007ffd4cfed000 	E:\android\jre\bin\msvcp140.dll
0x00007ffd01140000 - 0x00007ffd01c25000 	E:\android\jre\bin\server\jvm.dll
0x00007ffd637f0000 - 0x00007ffd6389e000 	C:\WINDOWS\System32\ADVAPI32.dll
0x00007ffd63280000 - 0x00007ffd6331c000 	C:\WINDOWS\System32\sechost.dll
0x00007ffd62680000 - 0x00007ffd627a5000 	C:\WINDOWS\System32\RPCRT4.dll
0x00007ffd63320000 - 0x00007ffd63328000 	C:\WINDOWS\System32\PSAPI.DLL
0x00007ffd41570000 - 0x00007ffd41579000 	C:\WINDOWS\SYSTEM32\WSOCK32.dll
0x00007ffd58ba0000 - 0x00007ffd58bc7000 	C:\WINDOWS\SYSTEM32\WINMM.dll
0x00007ffd5fc10000 - 0x00007ffd5fc1a000 	C:\WINDOWS\SYSTEM32\VERSION.dll
0x00007ffd633c0000 - 0x00007ffd6342b000 	C:\WINDOWS\System32\WS2_32.dll
0x00007ffd604c0000 - 0x00007ffd604d2000 	C:\WINDOWS\SYSTEM32\kernel.appcore.dll
0x00007ffd5ce00000 - 0x00007ffd5ce11000 	E:\android\jre\bin\verify.dll
0x00007ffd55900000 - 0x00007ffd55ae4000 	C:\WINDOWS\SYSTEM32\DBGHELP.DLL
0x00007ffd558d0000 - 0x00007ffd558fc000 	C:\WINDOWS\SYSTEM32\dbgcore.DLL
0x00007ffd624e0000 - 0x00007ffd62562000 	C:\WINDOWS\System32\bcryptPrimitives.dll
0x00007ffd552c0000 - 0x00007ffd552e9000 	E:\android\jre\bin\java.dll
0x00007ffd5fc90000 - 0x00007ffd5fc9b000 	E:\android\jre\bin\jimage.dll
0x00007ffd5cce0000 - 0x00007ffd5ccf8000 	E:\android\jre\bin\zip.dll
0x00007ffd627b0000 - 0x00007ffd62ef4000 	C:\WINDOWS\System32\SHELL32.dll
0x00007ffd5fd10000 - 0x00007ffd604a4000 	C:\WINDOWS\SYSTEM32\windows.storage.dll
0x00007ffd63490000 - 0x00007ffd637e4000 	C:\WINDOWS\System32\combase.dll
0x00007ffd61620000 - 0x00007ffd61650000 	C:\WINDOWS\SYSTEM32\Wldp.dll
0x00007ffd62570000 - 0x00007ffd6261d000 	C:\WINDOWS\System32\SHCORE.dll
0x00007ffd63430000 - 0x00007ffd63485000 	C:\WINDOWS\System32\shlwapi.dll
0x00007ffd61b70000 - 0x00007ffd61b8f000 	C:\WINDOWS\SYSTEM32\profapi.dll
0x00007ffd5cca0000 - 0x00007ffd5ccba000 	E:\android\jre\bin\net.dll
0x00007ffd542f0000 - 0x00007ffd543fa000 	C:\WINDOWS\SYSTEM32\WINHTTP.dll
0x00007ffd61320000 - 0x00007ffd6138a000 	C:\WINDOWS\system32\mswsock.dll
0x00007ffd5b240000 - 0x00007ffd5b254000 	E:\android\jre\bin\nio.dll
0x00007ffd46350000 - 0x00007ffd46377000 	E:\.gradle\native\e1d6ef7f7dcc3fd88c89a11ec53ec762bb8ba0a96d01ffa2cd45eb1d1d8dd5c5\windows-amd64\native-platform.dll
0x00007ffd48ac0000 - 0x00007ffd48c04000 	E:\.gradle\native\5664cfc778a61ccfe75a443a1ab52a65af34e5dc3c78e0209fed803814484fcb\windows-amd64\native-platform-file-events.dll
0x00007ffd5f4b0000 - 0x00007ffd5f4ba000 	E:\android\jre\bin\management.dll
0x00007ffd5d580000 - 0x00007ffd5d58d000 	E:\android\jre\bin\management_ext.dll
0x00007ffd61510000 - 0x00007ffd61528000 	C:\WINDOWS\SYSTEM32\CRYPTSP.dll
0x00007ffd60ca0000 - 0x00007ffd60cd4000 	C:\WINDOWS\system32\rsaenh.dll
0x00007ffd61cd0000 - 0x00007ffd61cf7000 	C:\WINDOWS\System32\bcrypt.dll
0x00007ffd61b30000 - 0x00007ffd61b5e000 	C:\WINDOWS\SYSTEM32\USERENV.dll
0x00007ffd61530000 - 0x00007ffd6153c000 	C:\WINDOWS\SYSTEM32\CRYPTBASE.dll
0x00007ffd61010000 - 0x00007ffd6104b000 	C:\WINDOWS\SYSTEM32\IPHLPAPI.DLL
0x00007ffd630b0000 - 0x00007ffd630b8000 	C:\WINDOWS\System32\NSI.dll
0x00007ffd59480000 - 0x00007ffd59497000 	C:\WINDOWS\SYSTEM32\dhcpcsvc6.DLL
0x00007ffd5a5e0000 - 0x00007ffd5a5fd000 	C:\WINDOWS\SYSTEM32\dhcpcsvc.DLL
0x00007ffd61050000 - 0x00007ffd6111b000 	C:\WINDOWS\SYSTEM32\DNSAPI.dll

dbghelp: loaded successfully - version: 4.0.5 - missing functions: none
symbol engine: initialized successfully - sym options: 0x614 - pdb path: .;E:\android\jre\bin;C:\WINDOWS\SYSTEM32;C:\WINDOWS\WinSxS\amd64_microsoft.windows.common-controls_6595b64144ccf1df_6.0.19041.1110_none_60b5254171f9507e;E:\android\jre\bin\server;E:\.gradle\native\e1d6ef7f7dcc3fd88c89a11ec53ec762bb8ba0a96d01ffa2cd45eb1d1d8dd5c5\windows-amd64;E:\.gradle\native\5664cfc778a61ccfe75a443a1ab52a65af34e5dc3c78e0209fed803814484fcb\windows-amd64

VM Arguments:
jvm_args: --add-opens=java.base/java.util=ALL-UNNAMED --add-opens=java.base/java.lang=ALL-UNNAMED --add-opens=java.base/java.lang.invoke=ALL-UNNAMED --add-opens=java.base/java.util=ALL-UNNAMED --add-opens=java.prefs/java.util.prefs=ALL-UNNAMED --add-opens=java.prefs/java.util.prefs=ALL-UNNAMED --add-opens=java.base/java.nio.charset=ALL-UNNAMED --add-opens=java.base/java.net=ALL-UNNAMED --add-opens=java.base/java.util.concurrent.atomic=ALL-UNNAMED -Xmx2048m -Dfile.encoding=UTF-8 -Duser.country=RU -Duser.language=ru -Duser.variant 
java_command: org.gradle.launcher.daemon.bootstrap.GradleDaemon 7.3.3
java_class_path (initial): E:\.gradle\wrapper\dists\gradle-7.3.3-bin\6a41zxkdtcxs8rphpq6y0069z\gradle-7.3.3\lib\gradle-launcher-7.3.3.jar
Launcher Type: SUN_STANDARD

[Global flags]
     intx CICompilerCount                          = 4                                         {product} {ergonomic}
     uint ConcGCThreads                            = 2                                         {product} {ergonomic}
     uint G1ConcRefinementThreads                  = 8                                         {product} {ergonomic}
   size_t G1HeapRegionSize                         = 1048576                                   {product} {ergonomic}
    uintx GCDrainStackTargetSize                   = 64                                        {product} {ergonomic}
   size_t InitialHeapSize                          = 100663296                                 {product} {ergonomic}
   size_t MarkStackSize                            = 4194304                                   {product} {ergonomic}
   size_t MaxHeapSize                              = 2147483648                                {product} {command line}
   size_t MaxNewSize                               = 1287651328                                {product} {ergonomic}
   size_t MinHeapDeltaBytes                        = 1048576                                   {product} {ergonomic}
    uintx NonNMethodCodeHeapSize                   = 5836300                                {pd product} {ergonomic}
    uintx NonProfiledCodeHeapSize                  = 122910970                              {pd product} {ergonomic}
    uintx ProfiledCodeHeapSize                     = 122910970                              {pd product} {ergonomic}
    uintx ReservedCodeCacheSize                    = 251658240                              {pd product} {ergonomic}
     bool SegmentedCodeCache                       = true                                      {product} {ergonomic}
     bool UseCompressedClassPointers               = true                                 {lp64_product} {ergonomic}
     bool UseCompressedOops                        = true                                 {lp64_product} {ergonomic}
     bool UseG1GC                                  = true                                      {product} {ergonomic}
     bool UseLargePagesIndividualAllocation        = false                                  {pd product} {ergonomic}

Logging:
Log output configuration:
 #0: stdout all=warning uptime,level,tags
 #1: stderr all=off uptime,level,tags

Environment Variables:
PATH=C:\WINDOWS\system32;C:\WINDOWS;C:\WINDOWS\System32\Wbem;C:\WINDOWS\System32\WindowsPowerShell\v1.0\;C:\WINDOWS\System32\OpenSSH\;E:\mingw\bin;C:\Program Files\Git\cmd;C:\Users\Enter\AppData\Local\Microsoft\WindowsApps;E:\java\IntelliJ IDEA Community Edition 2021.2.3\bin;
USERNAME=Enter
OS=Windows_NT
PROCESSOR_IDENTIFIER=AMD64 Family 23 Model 24 Stepping 1, AuthenticAMD



---------------  S Y S T E M  ---------------

OS: Windows 10 , 64 bit Build 19041 (10.0.19041.1806)
OS uptime: 0 days 19:33 hours

CPU:total 8 (initial active 8) (8 cores per cpu, 2 threads per core) family 23 model 24 stepping 1 microcode 0x0, cmov, cx8, fxsr, mmx, sse, sse2, sse3, ssse3, sse4.1, sse4.2, popcnt, avx, avx2, aes, clmul, mmxext, 3dnowpref, lzcnt, sse4a, ht, tsc, tscinvbit, tscinv, bmi1, bmi2, adx, sha, fma

Memory: 4k page, system-wide physical 6088M (307M free)
TotalPageFile size 16328M (AvailPageFile size 4M)
current process WorkingSet (physical memory assigned to process): 251M, peak: 303M
current process commit charge ("private bytes"): 388M, peak: 390M

vm_info: OpenJDK 64-Bit Server VM (11.0.12+7-b1504.28-7817840) for windows-amd64 JRE (11.0.12+7-b1504.28-7817840), built on Oct 13 2021 22:12:33 by "builder" with MS VC++ 14.0 (VS2015)

END.
